{"C:\\Users\\Admin\\Documents\\GitHub\\SOEN490\\WhatsUp\\app\\firebase.js": {"path":"C:\\Users\\Admin\\Documents\\GitHub\\SOEN490\\WhatsUp\\app\\firebase.js","statementMap":{"0":{"start":{"line":5,"column":23},"end":{"line":13,"column":1}},"1":{"start":{"line":15,"column":12},"end":{"line":15,"column":41}},"2":{"start":{"line":16,"column":11},"end":{"line":16,"column":28}},"3":{"start":{"line":17,"column":13},"end":{"line":17,"column":22}}},"fnMap":{},"branchMap":{},"s":{"0":2,"1":2,"2":2,"3":2},"f":{},"b":{},"_coverageSchema":"1a1c01bbd47fc00a2c39e90264f33305004495a9","hash":"78f9b60afa8485e488051dd182a427981f4ef665"}
,"C:\\Users\\Admin\\Documents\\GitHub\\SOEN490\\WhatsUp\\app\\Images\\w3.png": {"path":"C:\\Users\\Admin\\Documents\\GitHub\\SOEN490\\WhatsUp\\app\\Images\\w3.png","statementMap":{"0":{"start":{"line":1,"column":0},"end":{"line":1,"column":19}}},"fnMap":{},"branchMap":{},"s":{"0":2},"f":{},"b":{},"_coverageSchema":"1a1c01bbd47fc00a2c39e90264f33305004495a9","hash":"ad93b1e96caf456a8d1cc48ad1d8f3011fa9f8dc"}
,"C:\\Users\\Admin\\Documents\\GitHub\\SOEN490\\WhatsUp\\app\\assets\\Logos\\waves.png": {"path":"C:\\Users\\Admin\\Documents\\GitHub\\SOEN490\\WhatsUp\\app\\assets\\Logos\\waves.png","statementMap":{"0":{"start":{"line":1,"column":0},"end":{"line":1,"column":19}}},"fnMap":{},"branchMap":{},"s":{"0":1},"f":{},"b":{},"_coverageSchema":"1a1c01bbd47fc00a2c39e90264f33305004495a9","hash":"2d9e5f0b670b077fc84b82917f0ff52f07b624e3"}
,"C:\\Users\\Admin\\Documents\\GitHub\\SOEN490\\WhatsUp\\app\\components\\AppButton.js": {"path":"C:\\Users\\Admin\\Documents\\GitHub\\SOEN490\\WhatsUp\\app\\components\\AppButton.js","statementMap":{"0":{"start":{"line":13,"column":2},"end":{"line":26,"column":4}},"1":{"start":{"line":29,"column":15},"end":{"line":52,"column":2}}},"fnMap":{"0":{"name":"AppButton","decl":{"start":{"line":6,"column":9},"end":{"line":6,"column":18}},"loc":{"start":{"line":12,"column":3},"end":{"line":27,"column":1}},"line":12}},"branchMap":{"0":{"loc":{"start":{"line":9,"column":2},"end":{"line":9,"column":19}},"type":"default-arg","locations":[{"start":{"line":9,"column":10},"end":{"line":9,"column":19}}],"line":9},"1":{"loc":{"start":{"line":10,"column":2},"end":{"line":10,"column":18}},"type":"default-arg","locations":[{"start":{"line":10,"column":13},"end":{"line":10,"column":18}}],"line":10},"2":{"loc":{"start":{"line":17,"column":27},"end":{"line":17,"column":71}},"type":"cond-expr","locations":[{"start":{"line":17,"column":39},"end":{"line":17,"column":52}},{"start":{"line":17,"column":55},"end":{"line":17,"column":71}}],"line":17},"3":{"loc":{"start":{"line":43,"column":16},"end":{"line":43,"column":71}},"type":"cond-expr","locations":[{"start":{"line":43,"column":40},"end":{"line":43,"column":56}},{"start":{"line":43,"column":59},"end":{"line":43,"column":71}}],"line":43}},"s":{"0":22,"1":2},"f":{"0":22},"b":{"0":[22],"1":[21],"2":[22,0],"3":[2,0]},"_coverageSchema":"1a1c01bbd47fc00a2c39e90264f33305004495a9","hash":"b6b9e464617bd4131de2cac3d247d082c31ab47b"}
,"C:\\Users\\Admin\\Documents\\GitHub\\SOEN490\\WhatsUp\\app\\components\\AppTextInput.js": {"path":"C:\\Users\\Admin\\Documents\\GitHub\\SOEN490\\WhatsUp\\app\\components\\AppTextInput.js","statementMap":{"0":{"start":{"line":7,"column":2},"end":{"line":11,"column":4}},"1":{"start":{"line":14,"column":15},"end":{"line":31,"column":2}}},"fnMap":{"0":{"name":"AppTextInput","decl":{"start":{"line":6,"column":9},"end":{"line":6,"column":21}},"loc":{"start":{"line":6,"column":48},"end":{"line":12,"column":1}},"line":6}},"branchMap":{"0":{"loc":{"start":{"line":29,"column":16},"end":{"line":29,"column":71}},"type":"cond-expr","locations":[{"start":{"line":29,"column":40},"end":{"line":29,"column":56}},{"start":{"line":29,"column":59},"end":{"line":29,"column":71}}],"line":29}},"s":{"0":39,"1":2},"f":{"0":39},"b":{"0":[2,0]},"_coverageSchema":"1a1c01bbd47fc00a2c39e90264f33305004495a9","hash":"de980842f921027e8b52cc534ac9cea7a808cc91"}
,"C:\\Users\\Admin\\Documents\\GitHub\\SOEN490\\WhatsUp\\app\\components\\BottomImg.js": {"path":"C:\\Users\\Admin\\Documents\\GitHub\\SOEN490\\WhatsUp\\app\\components\\BottomImg.js","statementMap":{"0":{"start":{"line":13,"column":2},"end":{"line":18,"column":4}},"1":{"start":{"line":22,"column":25},"end":{"line":22,"column":36}},"2":{"start":{"line":23,"column":20},"end":{"line":23,"column":50}},"3":{"start":{"line":24,"column":21},"end":{"line":24,"column":51}},"4":{"start":{"line":26,"column":15},"end":{"line":42,"column":2}}},"fnMap":{"0":{"name":"BottomImg","decl":{"start":{"line":6,"column":9},"end":{"line":6,"column":18}},"loc":{"start":{"line":6,"column":23},"end":{"line":20,"column":1}},"line":6}},"branchMap":{},"s":{"0":1,"1":1,"2":1,"3":1,"4":1},"f":{"0":1},"b":{},"_coverageSchema":"1a1c01bbd47fc00a2c39e90264f33305004495a9","hash":"b64428b74a3cf2d6efe68975524baa163d48e2b7"}
,"C:\\Users\\Admin\\Documents\\GitHub\\SOEN490\\WhatsUp\\app\\components\\Links.js": {"path":"C:\\Users\\Admin\\Documents\\GitHub\\SOEN490\\WhatsUp\\app\\components\\Links.js","statementMap":{"0":{"start":{"line":6,"column":2},"end":{"line":12,"column":4}},"1":{"start":{"line":17,"column":15},"end":{"line":23,"column":2}}},"fnMap":{"0":{"name":"Links","decl":{"start":{"line":5,"column":9},"end":{"line":5,"column":14}},"loc":{"start":{"line":5,"column":41},"end":{"line":13,"column":1}},"line":5}},"branchMap":{},"s":{"0":35,"1":2},"f":{"0":35},"b":{},"_coverageSchema":"1a1c01bbd47fc00a2c39e90264f33305004495a9","hash":"15a580ff3d39c25283897acab5bcf08bc5b0fc1b"}
,"C:\\Users\\Admin\\Documents\\GitHub\\SOEN490\\WhatsUp\\app\\components\\Screen.js": {"path":"C:\\Users\\Admin\\Documents\\GitHub\\SOEN490\\WhatsUp\\app\\components\\Screen.js","statementMap":{"0":{"start":{"line":6,"column":2},"end":{"line":6,"column":64}},"1":{"start":{"line":9,"column":15},"end":{"line":14,"column":2}}},"fnMap":{"0":{"name":"Screen","decl":{"start":{"line":5,"column":9},"end":{"line":5,"column":15}},"loc":{"start":{"line":5,"column":37},"end":{"line":7,"column":1}},"line":5}},"branchMap":{},"s":{"0":22,"1":2},"f":{"0":22},"b":{},"_coverageSchema":"1a1c01bbd47fc00a2c39e90264f33305004495a9","hash":"d54610e1a9f9ae3ada632ce672fbbb1db9f76c3f"}
,"C:\\Users\\Admin\\Documents\\GitHub\\SOEN490\\WhatsUp\\app\\components\\ScreenSubtitle.js": {"path":"C:\\Users\\Admin\\Documents\\GitHub\\SOEN490\\WhatsUp\\app\\components\\ScreenSubtitle.js","statementMap":{"0":{"start":{"line":6,"column":2},"end":{"line":6,"column":53}},"1":{"start":{"line":11,"column":15},"end":{"line":18,"column":2}}},"fnMap":{"0":{"name":"ScreenSubtitle","decl":{"start":{"line":5,"column":9},"end":{"line":5,"column":23}},"loc":{"start":{"line":5,"column":38},"end":{"line":7,"column":1}},"line":5}},"branchMap":{},"s":{"0":22,"1":2},"f":{"0":22},"b":{},"_coverageSchema":"1a1c01bbd47fc00a2c39e90264f33305004495a9","hash":"3a64f0394ca118eeb6b38cf25a027897bdbbd9e9"}
,"C:\\Users\\Admin\\Documents\\GitHub\\SOEN490\\WhatsUp\\app\\components\\ScreenTitle.js": {"path":"C:\\Users\\Admin\\Documents\\GitHub\\SOEN490\\WhatsUp\\app\\components\\ScreenTitle.js","statementMap":{"0":{"start":{"line":5,"column":2},"end":{"line":5,"column":50}},"1":{"start":{"line":10,"column":15},"end":{"line":16,"column":2}}},"fnMap":{"0":{"name":"ScreenTitle","decl":{"start":{"line":4,"column":9},"end":{"line":4,"column":20}},"loc":{"start":{"line":4,"column":32},"end":{"line":6,"column":1}},"line":4}},"branchMap":{},"s":{"0":22,"1":2},"f":{"0":22},"b":{},"_coverageSchema":"1a1c01bbd47fc00a2c39e90264f33305004495a9","hash":"07cfba0865a9abc5963c4e434508f90bdd369300"}
,"C:\\Users\\Admin\\Documents\\GitHub\\SOEN490\\WhatsUp\\app\\config\\colors.js": {"path":"C:\\Users\\Admin\\Documents\\GitHub\\SOEN490\\WhatsUp\\app\\config\\colors.js","statementMap":{},"fnMap":{},"branchMap":{},"s":{},"f":{},"b":{},"_coverageSchema":"1a1c01bbd47fc00a2c39e90264f33305004495a9","hash":"4ae0d804563b1708cb7e2b2f611cafdcaa46688c"}
,"C:\\Users\\Admin\\Documents\\GitHub\\SOEN490\\WhatsUp\\app\\screens\\Login.js": {"path":"C:\\Users\\Admin\\Documents\\GitHub\\SOEN490\\WhatsUp\\app\\screens\\Login.js","statementMap":{"0":{"start":{"line":19,"column":21},"end":{"line":19,"column":36}},"1":{"start":{"line":20,"column":28},"end":{"line":20,"column":40}},"2":{"start":{"line":21,"column":34},"end":{"line":21,"column":46}},"3":{"start":{"line":22,"column":22},"end":{"line":37,"column":3}},"4":{"start":{"line":23,"column":4},"end":{"line":36,"column":9}},"5":{"start":{"line":32,"column":8},"end":{"line":32,"column":41}},"6":{"start":{"line":35,"column":8},"end":{"line":35,"column":63}},"7":{"start":{"line":38,"column":24},"end":{"line":40,"column":3}},"8":{"start":{"line":39,"column":4},"end":{"line":39,"column":34}},"9":{"start":{"line":42,"column":24},"end":{"line":44,"column":3}},"10":{"start":{"line":43,"column":4},"end":{"line":43,"column":41}},"11":{"start":{"line":54,"column":2},"end":{"line":146,"column":4}},"12":{"start":{"line":65,"column":32},"end":{"line":65,"column":46}},"13":{"start":{"line":71,"column":32},"end":{"line":71,"column":49}},"14":{"start":{"line":118,"column":25},"end":{"line":118,"column":48}},"15":{"start":{"line":130,"column":25},"end":{"line":130,"column":48}},"16":{"start":{"line":141,"column":25},"end":{"line":141,"column":48}},"17":{"start":{"line":149,"column":15},"end":{"line":179,"column":2}}},"fnMap":{"0":{"name":"Login","decl":{"start":{"line":18,"column":24},"end":{"line":18,"column":29}},"loc":{"start":{"line":18,"column":32},"end":{"line":147,"column":1}},"line":18},"1":{"name":"(anonymous_1)","decl":{"start":{"line":22,"column":22},"end":{"line":22,"column":23}},"loc":{"start":{"line":22,"column":28},"end":{"line":37,"column":3}},"line":22},"2":{"name":"(anonymous_2)","decl":{"start":{"line":24,"column":12},"end":{"line":24,"column":13}},"loc":{"start":{"line":24,"column":22},"end":{"line":33,"column":7}},"line":24},"3":{"name":"(anonymous_3)","decl":{"start":{"line":34,"column":13},"end":{"line":34,"column":14}},"loc":{"start":{"line":34,"column":19},"end":{"line":36,"column":7}},"line":34},"4":{"name":"(anonymous_4)","decl":{"start":{"line":38,"column":24},"end":{"line":38,"column":25}},"loc":{"start":{"line":38,"column":30},"end":{"line":40,"column":3}},"line":38},"5":{"name":"(anonymous_5)","decl":{"start":{"line":42,"column":24},"end":{"line":42,"column":25}},"loc":{"start":{"line":42,"column":30},"end":{"line":44,"column":3}},"line":42},"6":{"name":"(anonymous_6)","decl":{"start":{"line":65,"column":22},"end":{"line":65,"column":23}},"loc":{"start":{"line":65,"column":32},"end":{"line":65,"column":46}},"line":65},"7":{"name":"(anonymous_7)","decl":{"start":{"line":71,"column":22},"end":{"line":71,"column":23}},"loc":{"start":{"line":71,"column":32},"end":{"line":71,"column":49}},"line":71},"8":{"name":"(anonymous_8)","decl":{"start":{"line":118,"column":19},"end":{"line":118,"column":20}},"loc":{"start":{"line":118,"column":25},"end":{"line":118,"column":48}},"line":118},"9":{"name":"(anonymous_9)","decl":{"start":{"line":130,"column":19},"end":{"line":130,"column":20}},"loc":{"start":{"line":130,"column":25},"end":{"line":130,"column":48}},"line":130},"10":{"name":"(anonymous_10)","decl":{"start":{"line":141,"column":19},"end":{"line":141,"column":20}},"loc":{"start":{"line":141,"column":25},"end":{"line":141,"column":48}},"line":141}},"branchMap":{},"s":{"0":13,"1":13,"2":13,"3":13,"4":22,"5":1,"6":21,"7":13,"8":1,"9":13,"10":1,"11":13,"12":2,"13":2,"14":1,"15":1,"16":1,"17":2},"f":{"0":13,"1":22,"2":1,"3":21,"4":1,"5":1,"6":2,"7":2,"8":1,"9":1,"10":1},"b":{},"_coverageSchema":"1a1c01bbd47fc00a2c39e90264f33305004495a9","hash":"a5b245629970c4689aeea182096d2750728db45d"}
,"C:\\Users\\Admin\\Documents\\GitHub\\SOEN490\\WhatsUp\\app\\screens\\ResetPassword.js": {"path":"C:\\Users\\Admin\\Documents\\GitHub\\SOEN490\\WhatsUp\\app\\screens\\ResetPassword.js","statementMap":{"0":{"start":{"line":16,"column":21},"end":{"line":16,"column":36}},"1":{"start":{"line":17,"column":32},"end":{"line":17,"column":44}},"2":{"start":{"line":19,"column":25},"end":{"line":28,"column":3}},"3":{"start":{"line":20,"column":4},"end":{"line":27,"column":23}},"4":{"start":{"line":22,"column":8},"end":{"line":25,"column":10}},"5":{"start":{"line":31,"column":29},"end":{"line":45,"column":3}},"6":{"start":{"line":32,"column":4},"end":{"line":44,"column":9}},"7":{"start":{"line":34,"column":8},"end":{"line":39,"column":9}},"8":{"start":{"line":35,"column":10},"end":{"line":35,"column":78}},"9":{"start":{"line":38,"column":10},"end":{"line":38,"column":27}},"10":{"start":{"line":42,"column":8},"end":{"line":42,"column":35}},"11":{"start":{"line":43,"column":8},"end":{"line":43,"column":59}},"12":{"start":{"line":47,"column":16},"end":{"line":49,"column":3}},"13":{"start":{"line":48,"column":4},"end":{"line":48,"column":33}},"14":{"start":{"line":51,"column":2},"end":{"line":68,"column":4}},"15":{"start":{"line":58,"column":32},"end":{"line":58,"column":46}},"16":{"start":{"line":71,"column":15},"end":{"line":96,"column":2}}},"fnMap":{"0":{"name":"ResetPassword","decl":{"start":{"line":15,"column":24},"end":{"line":15,"column":37}},"loc":{"start":{"line":15,"column":40},"end":{"line":69,"column":1}},"line":15},"1":{"name":"(anonymous_1)","decl":{"start":{"line":19,"column":25},"end":{"line":19,"column":26}},"loc":{"start":{"line":19,"column":31},"end":{"line":28,"column":3}},"line":19},"2":{"name":"(anonymous_2)","decl":{"start":{"line":21,"column":12},"end":{"line":21,"column":13}},"loc":{"start":{"line":21,"column":18},"end":{"line":26,"column":7}},"line":21},"3":{"name":"(anonymous_3)","decl":{"start":{"line":27,"column":13},"end":{"line":27,"column":14}},"loc":{"start":{"line":27,"column":19},"end":{"line":27,"column":21}},"line":27},"4":{"name":"(anonymous_4)","decl":{"start":{"line":31,"column":29},"end":{"line":31,"column":30}},"loc":{"start":{"line":31,"column":35},"end":{"line":45,"column":3}},"line":31},"5":{"name":"(anonymous_5)","decl":{"start":{"line":33,"column":12},"end":{"line":33,"column":13}},"loc":{"start":{"line":33,"column":24},"end":{"line":40,"column":7}},"line":33},"6":{"name":"(anonymous_6)","decl":{"start":{"line":41,"column":13},"end":{"line":41,"column":14}},"loc":{"start":{"line":41,"column":24},"end":{"line":44,"column":7}},"line":41},"7":{"name":"(anonymous_7)","decl":{"start":{"line":47,"column":16},"end":{"line":47,"column":17}},"loc":{"start":{"line":47,"column":22},"end":{"line":49,"column":3}},"line":47},"8":{"name":"(anonymous_8)","decl":{"start":{"line":58,"column":22},"end":{"line":58,"column":23}},"loc":{"start":{"line":58,"column":32},"end":{"line":58,"column":46}},"line":58}},"branchMap":{"0":{"loc":{"start":{"line":34,"column":8},"end":{"line":39,"column":9}},"type":"if","locations":[{"start":{"line":34,"column":8},"end":{"line":39,"column":9}},{"start":{"line":36,"column":15},"end":{"line":39,"column":9}}],"line":34},"1":{"loc":{"start":{"line":34,"column":12},"end":{"line":34,"column":54}},"type":"binary-expr","locations":[{"start":{"line":34,"column":12},"end":{"line":34,"column":32}},{"start":{"line":34,"column":36},"end":{"line":34,"column":54}}],"line":34}},"s":{"0":8,"1":8,"2":8,"3":21,"4":1,"5":8,"6":32,"7":21,"8":0,"9":21,"10":0,"11":0,"12":8,"13":1,"14":8,"15":3,"16":2},"f":{"0":8,"1":21,"2":1,"3":0,"4":32,"5":21,"6":0,"7":1,"8":3},"b":{"0":[0,21],"1":[21,21]},"_coverageSchema":"1a1c01bbd47fc00a2c39e90264f33305004495a9","hash":"b6dbb2eade44d1d667d4327129f17f4e8bf71b7a"}
,"C:\\Users\\Admin\\Documents\\GitHub\\SOEN490\\WhatsUp\\app\\screens\\SignUpScreen.js": {"path":"C:\\Users\\Admin\\Documents\\GitHub\\SOEN490\\WhatsUp\\app\\screens\\SignUpScreen.js","statementMap":{"0":{"start":{"line":22,"column":21},"end":{"line":22,"column":36}},"1":{"start":{"line":23,"column":36},"end":{"line":23,"column":48}},"2":{"start":{"line":24,"column":34},"end":{"line":24,"column":46}},"3":{"start":{"line":25,"column":28},"end":{"line":25,"column":40}},"4":{"start":{"line":26,"column":34},"end":{"line":26,"column":46}},"5":{"start":{"line":28,"column":40},"end":{"line":28,"column":55}},"6":{"start":{"line":29,"column":28},"end":{"line":29,"column":42}},"7":{"start":{"line":31,"column":23},"end":{"line":62,"column":3}},"8":{"start":{"line":38,"column":4},"end":{"line":41,"column":5}},"9":{"start":{"line":39,"column":6},"end":{"line":39,"column":63}},"10":{"start":{"line":40,"column":6},"end":{"line":40,"column":13}},"11":{"start":{"line":42,"column":4},"end":{"line":45,"column":5}},"12":{"start":{"line":43,"column":6},"end":{"line":43,"column":62}},"13":{"start":{"line":44,"column":6},"end":{"line":44,"column":13}},"14":{"start":{"line":46,"column":4},"end":{"line":61,"column":47}},"15":{"start":{"line":48,"column":21},"end":{"line":48,"column":41}},"16":{"start":{"line":49,"column":8},"end":{"line":49,"column":32}},"17":{"start":{"line":50,"column":8},"end":{"line":50,"column":51}},"18":{"start":{"line":51,"column":8},"end":{"line":51,"column":37}},"19":{"start":{"line":54,"column":8},"end":{"line":59,"column":51}},"20":{"start":{"line":59,"column":28},"end":{"line":59,"column":49}},"21":{"start":{"line":61,"column":24},"end":{"line":61,"column":45}},"22":{"start":{"line":64,"column":25},"end":{"line":78,"column":3}},"23":{"start":{"line":65,"column":4},"end":{"line":67,"column":5}},"24":{"start":{"line":66,"column":6},"end":{"line":66,"column":54}},"25":{"start":{"line":68,"column":4},"end":{"line":76,"column":5}},"26":{"start":{"line":69,"column":6},"end":{"line":69,"column":44}},"27":{"start":{"line":70,"column":11},"end":{"line":76,"column":5}},"28":{"start":{"line":71,"column":6},"end":{"line":71,"column":51}},"29":{"start":{"line":72,"column":11},"end":{"line":76,"column":5}},"30":{"start":{"line":73,"column":6},"end":{"line":73,"column":56}},"31":{"start":{"line":74,"column":11},"end":{"line":76,"column":5}},"32":{"start":{"line":75,"column":6},"end":{"line":75,"column":71}},"33":{"start":{"line":77,"column":4},"end":{"line":77,"column":31}},"34":{"start":{"line":79,"column":28},"end":{"line":85,"column":3}},"35":{"start":{"line":80,"column":4},"end":{"line":84,"column":5}},"36":{"start":{"line":81,"column":6},"end":{"line":81,"column":22}},"37":{"start":{"line":83,"column":6},"end":{"line":83,"column":21}},"38":{"start":{"line":87,"column":2},"end":{"line":145,"column":4}},"39":{"start":{"line":93,"column":32},"end":{"line":93,"column":50}},"40":{"start":{"line":97,"column":32},"end":{"line":97,"column":49}},"41":{"start":{"line":101,"column":32},"end":{"line":101,"column":46}},"42":{"start":{"line":106,"column":32},"end":{"line":106,"column":49}},"43":{"start":{"line":111,"column":32},"end":{"line":111,"column":55}},"44":{"start":{"line":131,"column":10},"end":{"line":131,"column":73}},"45":{"start":{"line":139,"column":25},"end":{"line":139,"column":53}},"46":{"start":{"line":148,"column":15},"end":{"line":172,"column":2}}},"fnMap":{"0":{"name":"SignUpScreen","decl":{"start":{"line":21,"column":9},"end":{"line":21,"column":21}},"loc":{"start":{"line":21,"column":24},"end":{"line":146,"column":1}},"line":21},"1":{"name":"(anonymous_1)","decl":{"start":{"line":31,"column":23},"end":{"line":31,"column":24}},"loc":{"start":{"line":37,"column":7},"end":{"line":62,"column":3}},"line":37},"2":{"name":"(anonymous_2)","decl":{"start":{"line":47,"column":12},"end":{"line":47,"column":13}},"loc":{"start":{"line":47,"column":33},"end":{"line":52,"column":7}},"line":47},"3":{"name":"(anonymous_3)","decl":{"start":{"line":53,"column":12},"end":{"line":53,"column":13}},"loc":{"start":{"line":53,"column":18},"end":{"line":60,"column":7}},"line":53},"4":{"name":"(anonymous_4)","decl":{"start":{"line":59,"column":17},"end":{"line":59,"column":18}},"loc":{"start":{"line":59,"column":28},"end":{"line":59,"column":49}},"line":59},"5":{"name":"(anonymous_5)","decl":{"start":{"line":61,"column":13},"end":{"line":61,"column":14}},"loc":{"start":{"line":61,"column":24},"end":{"line":61,"column":45}},"line":61},"6":{"name":"(anonymous_6)","decl":{"start":{"line":64,"column":25},"end":{"line":64,"column":26}},"loc":{"start":{"line":64,"column":36},"end":{"line":78,"column":3}},"line":64},"7":{"name":"(anonymous_7)","decl":{"start":{"line":79,"column":28},"end":{"line":79,"column":29}},"loc":{"start":{"line":79,"column":49},"end":{"line":85,"column":3}},"line":79},"8":{"name":"(anonymous_8)","decl":{"start":{"line":93,"column":22},"end":{"line":93,"column":23}},"loc":{"start":{"line":93,"column":32},"end":{"line":93,"column":50}},"line":93},"9":{"name":"(anonymous_9)","decl":{"start":{"line":97,"column":22},"end":{"line":97,"column":23}},"loc":{"start":{"line":97,"column":32},"end":{"line":97,"column":49}},"line":97},"10":{"name":"(anonymous_10)","decl":{"start":{"line":101,"column":22},"end":{"line":101,"column":23}},"loc":{"start":{"line":101,"column":32},"end":{"line":101,"column":46}},"line":101},"11":{"name":"(anonymous_11)","decl":{"start":{"line":106,"column":22},"end":{"line":106,"column":23}},"loc":{"start":{"line":106,"column":32},"end":{"line":106,"column":49}},"line":106},"12":{"name":"(anonymous_12)","decl":{"start":{"line":111,"column":22},"end":{"line":111,"column":23}},"loc":{"start":{"line":111,"column":32},"end":{"line":111,"column":55}},"line":111},"13":{"name":"(anonymous_13)","decl":{"start":{"line":130,"column":17},"end":{"line":130,"column":18}},"loc":{"start":{"line":131,"column":10},"end":{"line":131,"column":73}},"line":131},"14":{"name":"(anonymous_14)","decl":{"start":{"line":139,"column":19},"end":{"line":139,"column":20}},"loc":{"start":{"line":139,"column":25},"end":{"line":139,"column":53}},"line":139}},"branchMap":{"0":{"loc":{"start":{"line":38,"column":4},"end":{"line":41,"column":5}},"type":"if","locations":[{"start":{"line":38,"column":4},"end":{"line":41,"column":5}},{"start":{},"end":{}}],"line":38},"1":{"loc":{"start":{"line":42,"column":4},"end":{"line":45,"column":5}},"type":"if","locations":[{"start":{"line":42,"column":4},"end":{"line":45,"column":5}},{"start":{},"end":{}}],"line":42},"2":{"loc":{"start":{"line":65,"column":4},"end":{"line":67,"column":5}},"type":"if","locations":[{"start":{"line":65,"column":4},"end":{"line":67,"column":5}},{"start":{},"end":{}}],"line":65},"3":{"loc":{"start":{"line":68,"column":4},"end":{"line":76,"column":5}},"type":"if","locations":[{"start":{"line":68,"column":4},"end":{"line":76,"column":5}},{"start":{"line":70,"column":11},"end":{"line":76,"column":5}}],"line":68},"4":{"loc":{"start":{"line":70,"column":11},"end":{"line":76,"column":5}},"type":"if","locations":[{"start":{"line":70,"column":11},"end":{"line":76,"column":5}},{"start":{"line":72,"column":11},"end":{"line":76,"column":5}}],"line":70},"5":{"loc":{"start":{"line":72,"column":11},"end":{"line":76,"column":5}},"type":"if","locations":[{"start":{"line":72,"column":11},"end":{"line":76,"column":5}},{"start":{"line":74,"column":11},"end":{"line":76,"column":5}}],"line":72},"6":{"loc":{"start":{"line":74,"column":11},"end":{"line":76,"column":5}},"type":"if","locations":[{"start":{"line":74,"column":11},"end":{"line":76,"column":5}},{"start":{},"end":{}}],"line":74},"7":{"loc":{"start":{"line":80,"column":4},"end":{"line":84,"column":5}},"type":"if","locations":[{"start":{"line":80,"column":4},"end":{"line":84,"column":5}},{"start":{"line":82,"column":11},"end":{"line":84,"column":5}}],"line":80},"8":{"loc":{"start":{"line":113,"column":15},"end":{"line":113,"column":63}},"type":"cond-expr","locations":[{"start":{"line":113,"column":24},"end":{"line":113,"column":43}},{"start":{"line":113,"column":46},"end":{"line":113,"column":63}}],"line":113}},"s":{"0":1,"1":1,"2":1,"3":1,"4":1,"5":1,"6":1,"7":1,"8":0,"9":0,"10":0,"11":0,"12":0,"13":0,"14":0,"15":0,"16":0,"17":0,"18":0,"19":0,"20":0,"21":0,"22":1,"23":0,"24":0,"25":0,"26":0,"27":0,"28":0,"29":0,"30":0,"31":0,"32":0,"33":0,"34":1,"35":0,"36":0,"37":0,"38":1,"39":0,"40":0,"41":0,"42":0,"43":0,"44":0,"45":0,"46":1},"f":{"0":1,"1":0,"2":0,"3":0,"4":0,"5":0,"6":0,"7":0,"8":0,"9":0,"10":0,"11":0,"12":0,"13":0,"14":0},"b":{"0":[0,0],"1":[0,0],"2":[0,0],"3":[0,0],"4":[0,0],"5":[0,0],"6":[0,0],"7":[0,0],"8":[0,1]},"_coverageSchema":"1a1c01bbd47fc00a2c39e90264f33305004495a9","hash":"e4b182cd8b9d12b179c465258285bd16080a81a3"}
}
