{"C:\\Users\\s-tav\\Desktop\\SOEN490\\SOEN490\\WhatsUp\\app\\components\\AndroidDateTimePicker.js": {"path":"C:\\Users\\s-tav\\Desktop\\SOEN490\\SOEN490\\WhatsUp\\app\\components\\AndroidDateTimePicker.js","statementMap":{"0":{"start":{"line":10,"column":26},"end":{"line":10,"column":46}},"1":{"start":{"line":11,"column":28},"end":{"line":11,"column":48}},"2":{"start":{"line":12,"column":28},"end":{"line":12,"column":48}},"3":{"start":{"line":13,"column":26},"end":{"line":13,"column":42}},"4":{"start":{"line":14,"column":26},"end":{"line":14,"column":41}},"5":{"start":{"line":15,"column":32},"end":{"line":15,"column":44}},"6":{"start":{"line":16,"column":19},"end":{"line":36,"column":3}},"7":{"start":{"line":17,"column":24},"end":{"line":17,"column":36}},"8":{"start":{"line":18,"column":4},"end":{"line":18,"column":25}},"9":{"start":{"line":19,"column":4},"end":{"line":22,"column":5}},"10":{"start":{"line":20,"column":6},"end":{"line":20,"column":28}},"11":{"start":{"line":21,"column":6},"end":{"line":21,"column":21}},"12":{"start":{"line":23,"column":4},"end":{"line":26,"column":5}},"13":{"start":{"line":24,"column":6},"end":{"line":24,"column":28}},"14":{"start":{"line":25,"column":6},"end":{"line":25,"column":21}},"15":{"start":{"line":27,"column":4},"end":{"line":30,"column":5}},"16":{"start":{"line":28,"column":6},"end":{"line":28,"column":28}},"17":{"start":{"line":29,"column":6},"end":{"line":29,"column":21}},"18":{"start":{"line":31,"column":4},"end":{"line":34,"column":5}},"19":{"start":{"line":32,"column":6},"end":{"line":32,"column":28}},"20":{"start":{"line":33,"column":6},"end":{"line":33,"column":21}},"21":{"start":{"line":35,"column":4},"end":{"line":35,"column":19}},"22":{"start":{"line":38,"column":19},"end":{"line":44,"column":3}},"23":{"start":{"line":39,"column":4},"end":{"line":42,"column":5}},"24":{"start":{"line":40,"column":6},"end":{"line":40,"column":20}},"25":{"start":{"line":43,"column":4},"end":{"line":43,"column":25}},"26":{"start":{"line":46,"column":25},"end":{"line":48,"column":3}},"27":{"start":{"line":47,"column":4},"end":{"line":47,"column":21}},"28":{"start":{"line":50,"column":25},"end":{"line":52,"column":3}},"29":{"start":{"line":51,"column":4},"end":{"line":51,"column":21}},"30":{"start":{"line":54,"column":18},"end":{"line":75,"column":3}},"31":{"start":{"line":54,"column":30},"end":{"line":75,"column":3}},"32":{"start":{"line":55,"column":4},"end":{"line":59,"column":5}},"33":{"start":{"line":56,"column":6},"end":{"line":56,"column":32}},"34":{"start":{"line":57,"column":6},"end":{"line":57,"column":30}},"35":{"start":{"line":58,"column":6},"end":{"line":58,"column":23}},"36":{"start":{"line":60,"column":4},"end":{"line":64,"column":5}},"37":{"start":{"line":61,"column":6},"end":{"line":61,"column":29}},"38":{"start":{"line":62,"column":6},"end":{"line":62,"column":30}},"39":{"start":{"line":63,"column":6},"end":{"line":63,"column":23}},"40":{"start":{"line":65,"column":4},"end":{"line":69,"column":5}},"41":{"start":{"line":66,"column":6},"end":{"line":66,"column":31}},"42":{"start":{"line":67,"column":6},"end":{"line":67,"column":28}},"43":{"start":{"line":68,"column":6},"end":{"line":68,"column":23}},"44":{"start":{"line":70,"column":4},"end":{"line":74,"column":5}},"45":{"start":{"line":71,"column":6},"end":{"line":71,"column":30}},"46":{"start":{"line":72,"column":6},"end":{"line":72,"column":28}},"47":{"start":{"line":73,"column":6},"end":{"line":73,"column":23}},"48":{"start":{"line":76,"column":28},"end":{"line":99,"column":3}},"49":{"start":{"line":90,"column":23},"end":{"line":95,"column":5}},"50":{"start":{"line":96,"column":4},"end":{"line":96,"column":28}},"51":{"start":{"line":98,"column":4},"end":{"line":98,"column":27}},"52":{"start":{"line":100,"column":21},"end":{"line":111,"column":3}},"53":{"start":{"line":101,"column":4},"end":{"line":110,"column":5}},"54":{"start":{"line":102,"column":24},"end":{"line":102,"column":50}},"55":{"start":{"line":103,"column":6},"end":{"line":106,"column":9}},"56":{"start":{"line":107,"column":6},"end":{"line":107,"column":29}},"57":{"start":{"line":109,"column":6},"end":{"line":109,"column":21}},"58":{"start":{"line":112,"column":2},"end":{"line":170,"column":4}},"59":{"start":{"line":165,"column":23},"end":{"line":165,"column":54}},"60":{"start":{"line":173,"column":15},"end":{"line":195,"column":2}}},"fnMap":{"0":{"name":"AndroidDateTimePicker","decl":{"start":{"line":9,"column":9},"end":{"line":9,"column":30}},"loc":{"start":{"line":9,"column":33},"end":{"line":171,"column":1}},"line":9},"1":{"name":"(anonymous_1)","decl":{"start":{"line":16,"column":19},"end":{"line":16,"column":20}},"loc":{"start":{"line":16,"column":44},"end":{"line":36,"column":3}},"line":16},"2":{"name":"(anonymous_2)","decl":{"start":{"line":38,"column":19},"end":{"line":38,"column":20}},"loc":{"start":{"line":38,"column":36},"end":{"line":44,"column":3}},"line":38},"3":{"name":"(anonymous_3)","decl":{"start":{"line":46,"column":25},"end":{"line":46,"column":26}},"loc":{"start":{"line":46,"column":31},"end":{"line":48,"column":3}},"line":46},"4":{"name":"(anonymous_4)","decl":{"start":{"line":50,"column":25},"end":{"line":50,"column":26}},"loc":{"start":{"line":50,"column":31},"end":{"line":52,"column":3}},"line":50},"5":{"name":"(anonymous_5)","decl":{"start":{"line":54,"column":18},"end":{"line":54,"column":19}},"loc":{"start":{"line":54,"column":30},"end":{"line":75,"column":3}},"line":54},"6":{"name":"(anonymous_6)","decl":{"start":{"line":54,"column":30},"end":{"line":54,"column":31}},"loc":{"start":{"line":54,"column":36},"end":{"line":75,"column":3}},"line":54},"7":{"name":"(anonymous_7)","decl":{"start":{"line":76,"column":28},"end":{"line":76,"column":29}},"loc":{"start":{"line":76,"column":52},"end":{"line":99,"column":3}},"line":76},"8":{"name":"(anonymous_8)","decl":{"start":{"line":100,"column":21},"end":{"line":100,"column":22}},"loc":{"start":{"line":100,"column":43},"end":{"line":111,"column":3}},"line":100},"9":{"name":"(anonymous_9)","decl":{"start":{"line":165,"column":17},"end":{"line":165,"column":18}},"loc":{"start":{"line":165,"column":23},"end":{"line":165,"column":54}},"line":165}},"branchMap":{"0":{"loc":{"start":{"line":19,"column":4},"end":{"line":22,"column":5}},"type":"if","locations":[{"start":{"line":19,"column":4},"end":{"line":22,"column":5}},{"start":{},"end":{}}],"line":19},"1":{"loc":{"start":{"line":23,"column":4},"end":{"line":26,"column":5}},"type":"if","locations":[{"start":{"line":23,"column":4},"end":{"line":26,"column":5}},{"start":{},"end":{}}],"line":23},"2":{"loc":{"start":{"line":27,"column":4},"end":{"line":30,"column":5}},"type":"if","locations":[{"start":{"line":27,"column":4},"end":{"line":30,"column":5}},{"start":{},"end":{}}],"line":27},"3":{"loc":{"start":{"line":31,"column":4},"end":{"line":34,"column":5}},"type":"if","locations":[{"start":{"line":31,"column":4},"end":{"line":34,"column":5}},{"start":{},"end":{}}],"line":31},"4":{"loc":{"start":{"line":39,"column":4},"end":{"line":42,"column":5}},"type":"if","locations":[{"start":{"line":39,"column":4},"end":{"line":42,"column":5}},{"start":{},"end":{}}],"line":39},"5":{"loc":{"start":{"line":55,"column":4},"end":{"line":59,"column":5}},"type":"if","locations":[{"start":{"line":55,"column":4},"end":{"line":59,"column":5}},{"start":{},"end":{}}],"line":55},"6":{"loc":{"start":{"line":60,"column":4},"end":{"line":64,"column":5}},"type":"if","locations":[{"start":{"line":60,"column":4},"end":{"line":64,"column":5}},{"start":{},"end":{}}],"line":60},"7":{"loc":{"start":{"line":65,"column":4},"end":{"line":69,"column":5}},"type":"if","locations":[{"start":{"line":65,"column":4},"end":{"line":69,"column":5}},{"start":{},"end":{}}],"line":65},"8":{"loc":{"start":{"line":70,"column":4},"end":{"line":74,"column":5}},"type":"if","locations":[{"start":{"line":70,"column":4},"end":{"line":74,"column":5}},{"start":{},"end":{}}],"line":70},"9":{"loc":{"start":{"line":152,"column":9},"end":{"line":161,"column":9}},"type":"binary-expr","locations":[{"start":{"line":152,"column":9},"end":{"line":152,"column":13}},{"start":{"line":153,"column":10},"end":{"line":160,"column":12}}],"line":152}},"s":{"0":0,"1":0,"2":0,"3":0,"4":0,"5":0,"6":0,"7":0,"8":0,"9":0,"10":0,"11":0,"12":0,"13":0,"14":0,"15":0,"16":0,"17":0,"18":0,"19":0,"20":0,"21":0,"22":0,"23":0,"24":0,"25":0,"26":0,"27":0,"28":0,"29":0,"30":0,"31":0,"32":0,"33":0,"34":0,"35":0,"36":0,"37":0,"38":0,"39":0,"40":0,"41":0,"42":0,"43":0,"44":0,"45":0,"46":0,"47":0,"48":0,"49":0,"50":0,"51":0,"52":0,"53":0,"54":0,"55":0,"56":0,"57":0,"58":0,"59":0,"60":1},"f":{"0":0,"1":0,"2":0,"3":0,"4":0,"5":0,"6":0,"7":0,"8":0,"9":0},"b":{"0":[0,0],"1":[0,0],"2":[0,0],"3":[0,0],"4":[0,0],"5":[0,0],"6":[0,0],"7":[0,0],"8":[0,0],"9":[0,0]},"_coverageSchema":"1a1c01bbd47fc00a2c39e90264f33305004495a9","hash":"50368e052085234c432e8a03ef7c37782a61c506"}
,"C:\\Users\\s-tav\\Desktop\\SOEN490\\SOEN490\\WhatsUp\\app\\components\\AppButton.js": {"path":"C:\\Users\\s-tav\\Desktop\\SOEN490\\SOEN490\\WhatsUp\\app\\components\\AppButton.js","statementMap":{"0":{"start":{"line":15,"column":2},"end":{"line":29,"column":4}},"1":{"start":{"line":32,"column":15},"end":{"line":57,"column":2}}},"fnMap":{"0":{"name":"AppButton","decl":{"start":{"line":6,"column":9},"end":{"line":6,"column":18}},"loc":{"start":{"line":14,"column":3},"end":{"line":30,"column":1}},"line":14}},"branchMap":{"0":{"loc":{"start":{"line":9,"column":2},"end":{"line":9,"column":19}},"type":"default-arg","locations":[{"start":{"line":9,"column":10},"end":{"line":9,"column":19}}],"line":9},"1":{"loc":{"start":{"line":10,"column":2},"end":{"line":10,"column":18}},"type":"default-arg","locations":[{"start":{"line":10,"column":13},"end":{"line":10,"column":18}}],"line":10},"2":{"loc":{"start":{"line":19,"column":27},"end":{"line":19,"column":71}},"type":"cond-expr","locations":[{"start":{"line":19,"column":39},"end":{"line":19,"column":52}},{"start":{"line":19,"column":55},"end":{"line":19,"column":71}}],"line":19},"3":{"loc":{"start":{"line":46,"column":16},"end":{"line":46,"column":71}},"type":"cond-expr","locations":[{"start":{"line":46,"column":40},"end":{"line":46,"column":56}},{"start":{"line":46,"column":59},"end":{"line":46,"column":71}}],"line":46}},"s":{"0":13,"1":1},"f":{"0":13},"b":{"0":[13],"1":[13],"2":[13,0],"3":[1,0]},"_coverageSchema":"1a1c01bbd47fc00a2c39e90264f33305004495a9","hash":"f61885be253138a55dbf672b406c3d81a82b521b"}
,"C:\\Users\\s-tav\\Desktop\\SOEN490\\SOEN490\\WhatsUp\\app\\components\\AppModal.js": {"path":"C:\\Users\\s-tav\\Desktop\\SOEN490\\SOEN490\\WhatsUp\\app\\components\\AppModal.js","statementMap":{"0":{"start":{"line":8,"column":4},"end":{"line":18,"column":6}},"1":{"start":{"line":21,"column":15},"end":{"line":43,"column":2}}},"fnMap":{"0":{"name":"AppModal","decl":{"start":{"line":7,"column":9},"end":{"line":7,"column":17}},"loc":{"start":{"line":7,"column":54},"end":{"line":19,"column":1}},"line":7}},"branchMap":{},"s":{"0":1,"1":1},"f":{"0":1},"b":{},"_coverageSchema":"1a1c01bbd47fc00a2c39e90264f33305004495a9","hash":"ebca1d03e74f7960f22b8e1a2f7d7f1712ff619b"}
,"C:\\Users\\s-tav\\Desktop\\SOEN490\\SOEN490\\WhatsUp\\app\\components\\AppTextInput.js": {"path":"C:\\Users\\s-tav\\Desktop\\SOEN490\\SOEN490\\WhatsUp\\app\\components\\AppTextInput.js","statementMap":{"0":{"start":{"line":7,"column":2},"end":{"line":11,"column":4}},"1":{"start":{"line":14,"column":15},"end":{"line":34,"column":2}}},"fnMap":{"0":{"name":"AppTextInput","decl":{"start":{"line":6,"column":9},"end":{"line":6,"column":21}},"loc":{"start":{"line":6,"column":48},"end":{"line":12,"column":1}},"line":6}},"branchMap":{"0":{"loc":{"start":{"line":32,"column":16},"end":{"line":32,"column":71}},"type":"cond-expr","locations":[{"start":{"line":32,"column":40},"end":{"line":32,"column":56}},{"start":{"line":32,"column":59},"end":{"line":32,"column":71}}],"line":32}},"s":{"0":3,"1":1},"f":{"0":3},"b":{"0":[1,0]},"_coverageSchema":"1a1c01bbd47fc00a2c39e90264f33305004495a9","hash":"511f27d230a3f7837e39afc27e26a98cae6e0757"}
,"C:\\Users\\s-tav\\Desktop\\SOEN490\\SOEN490\\WhatsUp\\app\\components\\IOSDateTimePicker.js": {"path":"C:\\Users\\s-tav\\Desktop\\SOEN490\\SOEN490\\WhatsUp\\app\\components\\IOSDateTimePicker.js","statementMap":{"0":{"start":{"line":9,"column":36},"end":{"line":12,"column":4}},"1":{"start":{"line":13,"column":32},"end":{"line":16,"column":4}},"2":{"start":{"line":17,"column":36},"end":{"line":20,"column":4}},"3":{"start":{"line":21,"column":32},"end":{"line":24,"column":4}},"4":{"start":{"line":26,"column":32},"end":{"line":31,"column":3}},"5":{"start":{"line":27,"column":4},"end":{"line":30,"column":7}},"6":{"start":{"line":33,"column":30},"end":{"line":38,"column":3}},"7":{"start":{"line":34,"column":4},"end":{"line":37,"column":7}},"8":{"start":{"line":40,"column":30},"end":{"line":45,"column":3}},"9":{"start":{"line":41,"column":4},"end":{"line":44,"column":7}},"10":{"start":{"line":47,"column":32},"end":{"line":52,"column":3}},"11":{"start":{"line":48,"column":4},"end":{"line":51,"column":7}},"12":{"start":{"line":54,"column":28},"end":{"line":75,"column":3}},"13":{"start":{"line":55,"column":4},"end":{"line":58,"column":5}},"14":{"start":{"line":56,"column":6},"end":{"line":56,"column":62}},"15":{"start":{"line":57,"column":6},"end":{"line":57,"column":13}},"16":{"start":{"line":59,"column":4},"end":{"line":65,"column":5}},"17":{"start":{"line":63,"column":6},"end":{"line":63,"column":65}},"18":{"start":{"line":64,"column":6},"end":{"line":64,"column":13}},"19":{"start":{"line":67,"column":23},"end":{"line":72,"column":5}},"20":{"start":{"line":74,"column":4},"end":{"line":74,"column":27}},"21":{"start":{"line":77,"column":21},"end":{"line":88,"column":3}},"22":{"start":{"line":78,"column":4},"end":{"line":87,"column":5}},"23":{"start":{"line":79,"column":24},"end":{"line":79,"column":50}},"24":{"start":{"line":80,"column":6},"end":{"line":83,"column":9}},"25":{"start":{"line":84,"column":6},"end":{"line":84,"column":29}},"26":{"start":{"line":86,"column":6},"end":{"line":86,"column":21}},"27":{"start":{"line":90,"column":2},"end":{"line":145,"column":4}},"28":{"start":{"line":141,"column":10},"end":{"line":141,"column":67}},"29":{"start":{"line":148,"column":15},"end":{"line":172,"column":2}}},"fnMap":{"0":{"name":"IOSDateTimePicker","decl":{"start":{"line":8,"column":9},"end":{"line":8,"column":26}},"loc":{"start":{"line":8,"column":29},"end":{"line":146,"column":1}},"line":8},"1":{"name":"(anonymous_1)","decl":{"start":{"line":26,"column":32},"end":{"line":26,"column":33}},"loc":{"start":{"line":26,"column":39},"end":{"line":31,"column":3}},"line":26},"2":{"name":"(anonymous_2)","decl":{"start":{"line":33,"column":30},"end":{"line":33,"column":31}},"loc":{"start":{"line":33,"column":37},"end":{"line":38,"column":3}},"line":33},"3":{"name":"(anonymous_3)","decl":{"start":{"line":40,"column":30},"end":{"line":40,"column":31}},"loc":{"start":{"line":40,"column":37},"end":{"line":45,"column":3}},"line":40},"4":{"name":"(anonymous_4)","decl":{"start":{"line":47,"column":32},"end":{"line":47,"column":33}},"loc":{"start":{"line":47,"column":39},"end":{"line":52,"column":3}},"line":47},"5":{"name":"(anonymous_5)","decl":{"start":{"line":54,"column":28},"end":{"line":54,"column":29}},"loc":{"start":{"line":54,"column":78},"end":{"line":75,"column":3}},"line":54},"6":{"name":"(anonymous_6)","decl":{"start":{"line":77,"column":21},"end":{"line":77,"column":22}},"loc":{"start":{"line":77,"column":43},"end":{"line":88,"column":3}},"line":77},"7":{"name":"(anonymous_7)","decl":{"start":{"line":140,"column":17},"end":{"line":140,"column":18}},"loc":{"start":{"line":141,"column":10},"end":{"line":141,"column":67}},"line":141}},"branchMap":{"0":{"loc":{"start":{"line":55,"column":4},"end":{"line":58,"column":5}},"type":"if","locations":[{"start":{"line":55,"column":4},"end":{"line":58,"column":5}},{"start":{},"end":{}}],"line":55},"1":{"loc":{"start":{"line":59,"column":4},"end":{"line":65,"column":5}},"type":"if","locations":[{"start":{"line":59,"column":4},"end":{"line":65,"column":5}},{"start":{},"end":{}}],"line":59},"2":{"loc":{"start":{"line":60,"column":6},"end":{"line":61,"column":45}},"type":"binary-expr","locations":[{"start":{"line":60,"column":6},"end":{"line":60,"column":46}},{"start":{"line":61,"column":6},"end":{"line":61,"column":45}}],"line":60}},"s":{"0":7,"1":7,"2":7,"3":7,"4":7,"5":0,"6":7,"7":0,"8":7,"9":1,"10":7,"11":1,"12":7,"13":0,"14":0,"15":0,"16":0,"17":0,"18":0,"19":0,"20":0,"21":7,"22":0,"23":0,"24":0,"25":0,"26":0,"27":7,"28":0,"29":1},"f":{"0":7,"1":0,"2":0,"3":1,"4":1,"5":0,"6":0,"7":0},"b":{"0":[0,0],"1":[0,0],"2":[0,0]},"_coverageSchema":"1a1c01bbd47fc00a2c39e90264f33305004495a9","hash":"1de62441d979b4efe8b59e94b2d9c0626b21c102"}
,"C:\\Users\\s-tav\\Desktop\\SOEN490\\SOEN490\\WhatsUp\\app\\components\\ItineraryEvent.js": {"path":"C:\\Users\\s-tav\\Desktop\\SOEN490\\SOEN490\\WhatsUp\\app\\components\\ItineraryEvent.js","statementMap":{"0":{"start":{"line":23,"column":42},"end":{"line":23,"column":57}},"1":{"start":{"line":24,"column":30},"end":{"line":24,"column":45}},"2":{"start":{"line":25,"column":38},"end":{"line":25,"column":57}},"3":{"start":{"line":26,"column":34},"end":{"line":26,"column":51}},"4":{"start":{"line":27,"column":42},"end":{"line":27,"column":63}},"5":{"start":{"line":28,"column":36},"end":{"line":28,"column":54}},"6":{"start":{"line":30,"column":26},"end":{"line":64,"column":3}},"7":{"start":{"line":37,"column":2},"end":{"line":40,"column":3}},"8":{"start":{"line":38,"column":4},"end":{"line":38,"column":55}},"9":{"start":{"line":39,"column":4},"end":{"line":39,"column":11}},"10":{"start":{"line":41,"column":2},"end":{"line":44,"column":3}},"11":{"start":{"line":42,"column":4},"end":{"line":42,"column":60}},"12":{"start":{"line":43,"column":4},"end":{"line":43,"column":11}},"13":{"start":{"line":45,"column":2},"end":{"line":48,"column":3}},"14":{"start":{"line":46,"column":4},"end":{"line":46,"column":58}},"15":{"start":{"line":47,"column":4},"end":{"line":47,"column":11}},"16":{"start":{"line":49,"column":2},"end":{"line":52,"column":3}},"17":{"start":{"line":50,"column":4},"end":{"line":50,"column":61}},"18":{"start":{"line":51,"column":4},"end":{"line":51,"column":11}},"19":{"start":{"line":53,"column":25},"end":{"line":60,"column":5}},"20":{"start":{"line":62,"column":4},"end":{"line":62,"column":25}},"21":{"start":{"line":63,"column":4},"end":{"line":63,"column":27}},"22":{"start":{"line":66,"column":2},"end":{"line":152,"column":4}},"23":{"start":{"line":67,"column":68},"end":{"line":67,"column":89}},"24":{"start":{"line":93,"column":10},"end":{"line":93,"column":41}},"25":{"start":{"line":99,"column":27},"end":{"line":99,"column":57}},"26":{"start":{"line":114,"column":48},"end":{"line":114,"column":71}},"27":{"start":{"line":120,"column":18},"end":{"line":120,"column":49}},"28":{"start":{"line":126,"column":50},"end":{"line":126,"column":77}},"29":{"start":{"line":132,"column":18},"end":{"line":132,"column":53}},"30":{"start":{"line":139,"column":18},"end":{"line":139,"column":47}},"31":{"start":{"line":145,"column":31},"end":{"line":145,"column":97}},"32":{"start":{"line":157,"column":15},"end":{"line":226,"column":2}}},"fnMap":{"0":{"name":"ItineraryEvent","decl":{"start":{"line":12,"column":9},"end":{"line":12,"column":23}},"loc":{"start":{"line":21,"column":3},"end":{"line":153,"column":1}},"line":21},"1":{"name":"(anonymous_1)","decl":{"start":{"line":30,"column":26},"end":{"line":30,"column":27}},"loc":{"start":{"line":35,"column":18},"end":{"line":64,"column":3}},"line":35},"2":{"name":"(anonymous_2)","decl":{"start":{"line":67,"column":62},"end":{"line":67,"column":63}},"loc":{"start":{"line":67,"column":68},"end":{"line":67,"column":89}},"line":67},"3":{"name":"(anonymous_3)","decl":{"start":{"line":92,"column":24},"end":{"line":92,"column":25}},"loc":{"start":{"line":92,"column":30},"end":{"line":94,"column":9}},"line":92},"4":{"name":"(anonymous_4)","decl":{"start":{"line":99,"column":21},"end":{"line":99,"column":22}},"loc":{"start":{"line":99,"column":27},"end":{"line":99,"column":57}},"line":99},"5":{"name":"(anonymous_5)","decl":{"start":{"line":114,"column":30},"end":{"line":114,"column":31}},"loc":{"start":{"line":114,"column":48},"end":{"line":114,"column":71}},"line":114},"6":{"name":"(anonymous_6)","decl":{"start":{"line":119,"column":30},"end":{"line":119,"column":31}},"loc":{"start":{"line":120,"column":18},"end":{"line":120,"column":49}},"line":120},"7":{"name":"(anonymous_7)","decl":{"start":{"line":126,"column":30},"end":{"line":126,"column":31}},"loc":{"start":{"line":126,"column":50},"end":{"line":126,"column":77}},"line":126},"8":{"name":"(anonymous_8)","decl":{"start":{"line":131,"column":30},"end":{"line":131,"column":31}},"loc":{"start":{"line":132,"column":18},"end":{"line":132,"column":53}},"line":132},"9":{"name":"(anonymous_9)","decl":{"start":{"line":138,"column":30},"end":{"line":138,"column":31}},"loc":{"start":{"line":139,"column":18},"end":{"line":139,"column":47}},"line":139},"10":{"name":"(anonymous_10)","decl":{"start":{"line":145,"column":25},"end":{"line":145,"column":26}},"loc":{"start":{"line":145,"column":31},"end":{"line":145,"column":97}},"line":145}},"branchMap":{"0":{"loc":{"start":{"line":37,"column":2},"end":{"line":40,"column":3}},"type":"if","locations":[{"start":{"line":37,"column":2},"end":{"line":40,"column":3}},{"start":{},"end":{}}],"line":37},"1":{"loc":{"start":{"line":41,"column":2},"end":{"line":44,"column":3}},"type":"if","locations":[{"start":{"line":41,"column":2},"end":{"line":44,"column":3}},{"start":{},"end":{}}],"line":41},"2":{"loc":{"start":{"line":45,"column":2},"end":{"line":48,"column":3}},"type":"if","locations":[{"start":{"line":45,"column":2},"end":{"line":48,"column":3}},{"start":{},"end":{}}],"line":45},"3":{"loc":{"start":{"line":49,"column":2},"end":{"line":52,"column":3}},"type":"if","locations":[{"start":{"line":49,"column":2},"end":{"line":52,"column":3}},{"start":{},"end":{}}],"line":49},"4":{"loc":{"start":{"line":70,"column":11},"end":{"line":70,"column":76}},"type":"cond-expr","locations":[{"start":{"line":70,"column":31},"end":{"line":70,"column":42}},{"start":{"line":70,"column":45},"end":{"line":70,"column":76}}],"line":70},"5":{"loc":{"start":{"line":83,"column":11},"end":{"line":85,"column":48}},"type":"cond-expr","locations":[{"start":{"line":84,"column":14},"end":{"line":84,"column":28}},{"start":{"line":85,"column":14},"end":{"line":85,"column":48}}],"line":83}},"s":{"0":0,"1":0,"2":0,"3":0,"4":0,"5":0,"6":0,"7":0,"8":0,"9":0,"10":0,"11":0,"12":0,"13":0,"14":0,"15":0,"16":0,"17":0,"18":0,"19":0,"20":0,"21":0,"22":0,"23":0,"24":0,"25":0,"26":0,"27":0,"28":0,"29":0,"30":0,"31":0,"32":1},"f":{"0":0,"1":0,"2":0,"3":0,"4":0,"5":0,"6":0,"7":0,"8":0,"9":0,"10":0},"b":{"0":[0,0],"1":[0,0],"2":[0,0],"3":[0,0],"4":[0,0],"5":[0,0]},"_coverageSchema":"1a1c01bbd47fc00a2c39e90264f33305004495a9","hash":"045692ab126a5305bcdee7652dedba4b8bf8f71e"}
,"C:\\Users\\s-tav\\Desktop\\SOEN490\\SOEN490\\WhatsUp\\app\\components\\Screen.js": {"path":"C:\\Users\\s-tav\\Desktop\\SOEN490\\SOEN490\\WhatsUp\\app\\components\\Screen.js","statementMap":{"0":{"start":{"line":6,"column":2},"end":{"line":11,"column":4}},"1":{"start":{"line":14,"column":15},"end":{"line":19,"column":2}}},"fnMap":{"0":{"name":"Screen","decl":{"start":{"line":5,"column":9},"end":{"line":5,"column":15}},"loc":{"start":{"line":5,"column":66},"end":{"line":12,"column":1}},"line":5}},"branchMap":{},"s":{"0":6,"1":1},"f":{"0":6},"b":{},"_coverageSchema":"1a1c01bbd47fc00a2c39e90264f33305004495a9","hash":"f0b5857e8e87a49cf9246fc1fce5583ed34361df"}
,"C:\\Users\\s-tav\\Desktop\\SOEN490\\SOEN490\\WhatsUp\\app\\components\\TitleHeaders.js": {"path":"C:\\Users\\s-tav\\Desktop\\SOEN490\\SOEN490\\WhatsUp\\app\\components\\TitleHeaders.js","statementMap":{"0":{"start":{"line":7,"column":2},"end":{"line":25,"column":4}},"1":{"start":{"line":30,"column":15},"end":{"line":35,"column":2}}},"fnMap":{"0":{"name":"TitleHeaders","decl":{"start":{"line":6,"column":9},"end":{"line":6,"column":21}},"loc":{"start":{"line":6,"column":56},"end":{"line":26,"column":1}},"line":6}},"branchMap":{"0":{"loc":{"start":{"line":6,"column":38},"end":{"line":6,"column":52}},"type":"default-arg","locations":[{"start":{"line":6,"column":48},"end":{"line":6,"column":52}}],"line":6},"1":{"loc":{"start":{"line":12,"column":8},"end":{"line":20,"column":13}},"type":"cond-expr","locations":[{"start":{"line":13,"column":12},"end":{"line":13,"column":48}},{"start":{"line":14,"column":12},"end":{"line":20,"column":13}}],"line":12},"2":{"loc":{"start":{"line":33,"column":16},"end":{"line":33,"column":71}},"type":"cond-expr","locations":[{"start":{"line":33,"column":40},"end":{"line":33,"column":56}},{"start":{"line":33,"column":59},"end":{"line":33,"column":71}}],"line":33}},"s":{"0":12,"1":1},"f":{"0":12},"b":{"0":[6],"1":[6,6],"2":[1,0]},"_coverageSchema":"1a1c01bbd47fc00a2c39e90264f33305004495a9","hash":"5fea066e0b8edc240521921236f12e4e7ff45acc"}
,"C:\\Users\\s-tav\\Desktop\\SOEN490\\SOEN490\\WhatsUp\\app\\components\\UtilBtn.js": {"path":"C:\\Users\\s-tav\\Desktop\\SOEN490\\SOEN490\\WhatsUp\\app\\components\\UtilBtn.js","statementMap":{"0":{"start":{"line":8,"column":0},"end":{"line":10,"column":2}},"1":{"start":{"line":22,"column":2},"end":{"line":41,"column":4}},"2":{"start":{"line":44,"column":15},"end":{"line":57,"column":2}}},"fnMap":{"0":{"name":"UtilBtn","decl":{"start":{"line":12,"column":9},"end":{"line":12,"column":16}},"loc":{"start":{"line":21,"column":3},"end":{"line":42,"column":1}},"line":21}},"branchMap":{"0":{"loc":{"start":{"line":15,"column":2},"end":{"line":15,"column":19}},"type":"default-arg","locations":[{"start":{"line":15,"column":10},"end":{"line":15,"column":19}}],"line":15},"1":{"loc":{"start":{"line":16,"column":2},"end":{"line":16,"column":18}},"type":"default-arg","locations":[{"start":{"line":16,"column":13},"end":{"line":16,"column":18}}],"line":16},"2":{"loc":{"start":{"line":19,"column":2},"end":{"line":19,"column":15}},"type":"default-arg","locations":[{"start":{"line":19,"column":13},"end":{"line":19,"column":15}}],"line":19},"3":{"loc":{"start":{"line":55,"column":16},"end":{"line":55,"column":71}},"type":"cond-expr","locations":[{"start":{"line":55,"column":40},"end":{"line":55,"column":56}},{"start":{"line":55,"column":59},"end":{"line":55,"column":71}}],"line":55}},"s":{"0":1,"1":7,"2":1},"f":{"0":7},"b":{"0":[7],"1":[7],"2":[7],"3":[1,0]},"_coverageSchema":"1a1c01bbd47fc00a2c39e90264f33305004495a9","hash":"355edcd67255303aa415c5f9ec9476c946e82e25"}
,"C:\\Users\\s-tav\\Desktop\\SOEN490\\SOEN490\\WhatsUp\\app\\config\\colors.js": {"path":"C:\\Users\\s-tav\\Desktop\\SOEN490\\SOEN490\\WhatsUp\\app\\config\\colors.js","statementMap":{},"fnMap":{},"branchMap":{},"s":{},"f":{},"b":{},"_coverageSchema":"1a1c01bbd47fc00a2c39e90264f33305004495a9","hash":"1a7a70cff76d7e68c2bf2ef1c58b2f288d1c23f8"}
,"C:\\Users\\s-tav\\Desktop\\SOEN490\\SOEN490\\WhatsUp\\app\\screens\\OrgDateInfo.js": {"path":"C:\\Users\\s-tav\\Desktop\\SOEN490\\SOEN490\\WhatsUp\\app\\screens\\OrgDateInfo.js","statementMap":{"0":{"start":{"line":14,"column":21},"end":{"line":14,"column":36}},"1":{"start":{"line":15,"column":28},"end":{"line":31,"column":3}},"2":{"start":{"line":16,"column":4},"end":{"line":30,"column":5}},"3":{"start":{"line":18,"column":33},"end":{"line":20,"column":8}},"4":{"start":{"line":21,"column":28},"end":{"line":21,"column":58}},"5":{"start":{"line":22,"column":6},"end":{"line":27,"column":7}},"6":{"start":{"line":23,"column":8},"end":{"line":23,"column":78}},"7":{"start":{"line":24,"column":8},"end":{"line":24,"column":15}},"8":{"start":{"line":26,"column":8},"end":{"line":26,"column":38}},"9":{"start":{"line":29,"column":6},"end":{"line":29,"column":21}},"10":{"start":{"line":32,"column":2},"end":{"line":66,"column":4}},"11":{"start":{"line":39,"column":25},"end":{"line":39,"column":51}},"12":{"start":{"line":69,"column":15},"end":{"line":89,"column":2}}},"fnMap":{"0":{"name":"OrganizerDateInfo","decl":{"start":{"line":13,"column":9},"end":{"line":13,"column":26}},"loc":{"start":{"line":13,"column":29},"end":{"line":67,"column":1}},"line":13},"1":{"name":"(anonymous_1)","decl":{"start":{"line":15,"column":28},"end":{"line":15,"column":29}},"loc":{"start":{"line":15,"column":40},"end":{"line":31,"column":3}},"line":15},"2":{"name":"(anonymous_2)","decl":{"start":{"line":39,"column":19},"end":{"line":39,"column":20}},"loc":{"start":{"line":39,"column":25},"end":{"line":39,"column":51}},"line":39}},"branchMap":{"0":{"loc":{"start":{"line":22,"column":6},"end":{"line":27,"column":7}},"type":"if","locations":[{"start":{"line":22,"column":6},"end":{"line":27,"column":7}},{"start":{"line":25,"column":13},"end":{"line":27,"column":7}}],"line":22},"1":{"loc":{"start":{"line":55,"column":11},"end":{"line":59,"column":11}},"type":"cond-expr","locations":[{"start":{"line":56,"column":12},"end":{"line":56,"column":33}},{"start":{"line":58,"column":12},"end":{"line":58,"column":37}}],"line":55}},"s":{"0":4,"1":4,"2":2,"3":2,"4":2,"5":0,"6":0,"7":0,"8":0,"9":2,"10":4,"11":1,"12":1},"f":{"0":4,"1":2,"2":1},"b":{"0":[0,0],"1":[4,0]},"_coverageSchema":"1a1c01bbd47fc00a2c39e90264f33305004495a9","hash":"2031ed0c13fba5eb718f84c83819b93efd1b84ee"}
,"C:\\Users\\s-tav\\Desktop\\SOEN490\\SOEN490\\WhatsUp\\app\\screens\\OrgDaySchedule.js": {"path":"C:\\Users\\s-tav\\Desktop\\SOEN490\\SOEN490\\WhatsUp\\app\\screens\\OrgDaySchedule.js","statementMap":{"0":{"start":{"line":19,"column":36},"end":{"line":19,"column":48}},"1":{"start":{"line":20,"column":42},"end":{"line":20,"column":57}},"2":{"start":{"line":21,"column":28},"end":{"line":21,"column":40}},"3":{"start":{"line":22,"column":36},"end":{"line":22,"column":48}},"4":{"start":{"line":23,"column":32},"end":{"line":23,"column":44}},"5":{"start":{"line":24,"column":40},"end":{"line":24,"column":52}},"6":{"start":{"line":25,"column":34},"end":{"line":25,"column":46}},"7":{"start":{"line":26,"column":21},"end":{"line":26,"column":36}},"8":{"start":{"line":27,"column":14},"end":{"line":27,"column":23}},"9":{"start":{"line":29,"column":25},"end":{"line":63,"column":3}},"10":{"start":{"line":36,"column":4},"end":{"line":39,"column":5}},"11":{"start":{"line":37,"column":6},"end":{"line":37,"column":57}},"12":{"start":{"line":38,"column":6},"end":{"line":38,"column":13}},"13":{"start":{"line":40,"column":4},"end":{"line":43,"column":5}},"14":{"start":{"line":41,"column":6},"end":{"line":41,"column":62}},"15":{"start":{"line":42,"column":6},"end":{"line":42,"column":13}},"16":{"start":{"line":44,"column":4},"end":{"line":47,"column":5}},"17":{"start":{"line":45,"column":6},"end":{"line":45,"column":60}},"18":{"start":{"line":46,"column":6},"end":{"line":46,"column":13}},"19":{"start":{"line":48,"column":4},"end":{"line":51,"column":5}},"20":{"start":{"line":49,"column":6},"end":{"line":49,"column":63}},"21":{"start":{"line":50,"column":6},"end":{"line":50,"column":13}},"22":{"start":{"line":52,"column":25},"end":{"line":59,"column":5}},"23":{"start":{"line":61,"column":4},"end":{"line":61,"column":62}},"24":{"start":{"line":61,"column":32},"end":{"line":61,"column":60}},"25":{"start":{"line":62,"column":4},"end":{"line":62,"column":27}},"26":{"start":{"line":65,"column":19},"end":{"line":67,"column":3}},"27":{"start":{"line":65,"column":27},"end":{"line":67,"column":3}},"28":{"start":{"line":66,"column":4},"end":{"line":66,"column":61}},"29":{"start":{"line":66,"column":44},"end":{"line":66,"column":58}},"30":{"start":{"line":69,"column":17},"end":{"line":73,"column":3}},"31":{"start":{"line":69,"column":35},"end":{"line":73,"column":3}},"32":{"start":{"line":70,"column":4},"end":{"line":70,"column":24}},"33":{"start":{"line":71,"column":4},"end":{"line":71,"column":74}},"34":{"start":{"line":71,"column":44},"end":{"line":71,"column":71}},"35":{"start":{"line":72,"column":4},"end":{"line":72,"column":62}},"36":{"start":{"line":72,"column":32},"end":{"line":72,"column":60}},"37":{"start":{"line":75,"column":23},"end":{"line":79,"column":3}},"38":{"start":{"line":77,"column":4},"end":{"line":77,"column":30}},"39":{"start":{"line":78,"column":4},"end":{"line":78,"column":35}},"40":{"start":{"line":81,"column":25},"end":{"line":91,"column":3}},"41":{"start":{"line":82,"column":4},"end":{"line":90,"column":5}},"42":{"start":{"line":83,"column":24},"end":{"line":83,"column":49}},"43":{"start":{"line":84,"column":6},"end":{"line":87,"column":9}},"44":{"start":{"line":89,"column":6},"end":{"line":89,"column":21}},"45":{"start":{"line":93,"column":2},"end":{"line":214,"column":4}},"46":{"start":{"line":99,"column":27},"end":{"line":99,"column":58}},"47":{"start":{"line":117,"column":23},"end":{"line":117,"column":44}},"48":{"start":{"line":134,"column":16},"end":{"line":143,"column":18}},"49":{"start":{"line":150,"column":49},"end":{"line":150,"column":63}},"50":{"start":{"line":157,"column":10},"end":{"line":157,"column":41}},"51":{"start":{"line":165,"column":29},"end":{"line":165,"column":59}},"52":{"start":{"line":174,"column":48},"end":{"line":174,"column":70}},"53":{"start":{"line":179,"column":18},"end":{"line":179,"column":48}},"54":{"start":{"line":184,"column":50},"end":{"line":184,"column":76}},"55":{"start":{"line":189,"column":18},"end":{"line":189,"column":52}},"56":{"start":{"line":194,"column":51},"end":{"line":194,"column":79}},"57":{"start":{"line":200,"column":18},"end":{"line":206,"column":19}},"58":{"start":{"line":217,"column":15},"end":{"line":265,"column":2}}},"fnMap":{"0":{"name":"OrganizerDaySchedule","decl":{"start":{"line":18,"column":9},"end":{"line":18,"column":29}},"loc":{"start":{"line":18,"column":39},"end":{"line":215,"column":1}},"line":18},"1":{"name":"(anonymous_1)","decl":{"start":{"line":29,"column":25},"end":{"line":29,"column":26}},"loc":{"start":{"line":35,"column":7},"end":{"line":63,"column":3}},"line":35},"2":{"name":"(anonymous_2)","decl":{"start":{"line":61,"column":17},"end":{"line":61,"column":18}},"loc":{"start":{"line":61,"column":32},"end":{"line":61,"column":60}},"line":61},"3":{"name":"(anonymous_3)","decl":{"start":{"line":65,"column":19},"end":{"line":65,"column":20}},"loc":{"start":{"line":65,"column":27},"end":{"line":67,"column":3}},"line":65},"4":{"name":"(anonymous_4)","decl":{"start":{"line":65,"column":27},"end":{"line":65,"column":28}},"loc":{"start":{"line":65,"column":33},"end":{"line":67,"column":3}},"line":65},"5":{"name":"(anonymous_5)","decl":{"start":{"line":66,"column":34},"end":{"line":66,"column":35}},"loc":{"start":{"line":66,"column":44},"end":{"line":66,"column":58}},"line":66},"6":{"name":"(anonymous_6)","decl":{"start":{"line":69,"column":17},"end":{"line":69,"column":18}},"loc":{"start":{"line":69,"column":35},"end":{"line":73,"column":3}},"line":69},"7":{"name":"(anonymous_7)","decl":{"start":{"line":69,"column":35},"end":{"line":69,"column":36}},"loc":{"start":{"line":69,"column":41},"end":{"line":73,"column":3}},"line":69},"8":{"name":"(anonymous_8)","decl":{"start":{"line":71,"column":34},"end":{"line":71,"column":35}},"loc":{"start":{"line":71,"column":44},"end":{"line":71,"column":71}},"line":71},"9":{"name":"(anonymous_9)","decl":{"start":{"line":72,"column":17},"end":{"line":72,"column":18}},"loc":{"start":{"line":72,"column":32},"end":{"line":72,"column":60}},"line":72},"10":{"name":"(anonymous_10)","decl":{"start":{"line":75,"column":23},"end":{"line":75,"column":24}},"loc":{"start":{"line":75,"column":35},"end":{"line":79,"column":3}},"line":75},"11":{"name":"(anonymous_11)","decl":{"start":{"line":81,"column":25},"end":{"line":81,"column":26}},"loc":{"start":{"line":81,"column":46},"end":{"line":91,"column":3}},"line":81},"12":{"name":"(anonymous_12)","decl":{"start":{"line":99,"column":21},"end":{"line":99,"column":22}},"loc":{"start":{"line":99,"column":27},"end":{"line":99,"column":58}},"line":99},"13":{"name":"(anonymous_13)","decl":{"start":{"line":117,"column":17},"end":{"line":117,"column":18}},"loc":{"start":{"line":117,"column":23},"end":{"line":117,"column":44}},"line":117},"14":{"name":"(anonymous_14)","decl":{"start":{"line":133,"column":28},"end":{"line":133,"column":29}},"loc":{"start":{"line":134,"column":16},"end":{"line":143,"column":18}},"line":134},"15":{"name":"(anonymous_15)","decl":{"start":{"line":150,"column":43},"end":{"line":150,"column":44}},"loc":{"start":{"line":150,"column":49},"end":{"line":150,"column":63}},"line":150},"16":{"name":"(anonymous_16)","decl":{"start":{"line":156,"column":24},"end":{"line":156,"column":25}},"loc":{"start":{"line":156,"column":30},"end":{"line":158,"column":9}},"line":156},"17":{"name":"(anonymous_17)","decl":{"start":{"line":165,"column":23},"end":{"line":165,"column":24}},"loc":{"start":{"line":165,"column":29},"end":{"line":165,"column":59}},"line":165},"18":{"name":"(anonymous_18)","decl":{"start":{"line":174,"column":30},"end":{"line":174,"column":31}},"loc":{"start":{"line":174,"column":48},"end":{"line":174,"column":70}},"line":174},"19":{"name":"(anonymous_19)","decl":{"start":{"line":178,"column":30},"end":{"line":178,"column":31}},"loc":{"start":{"line":179,"column":18},"end":{"line":179,"column":48}},"line":179},"20":{"name":"(anonymous_20)","decl":{"start":{"line":184,"column":30},"end":{"line":184,"column":31}},"loc":{"start":{"line":184,"column":50},"end":{"line":184,"column":76}},"line":184},"21":{"name":"(anonymous_21)","decl":{"start":{"line":188,"column":30},"end":{"line":188,"column":31}},"loc":{"start":{"line":189,"column":18},"end":{"line":189,"column":52}},"line":189},"22":{"name":"(anonymous_22)","decl":{"start":{"line":194,"column":30},"end":{"line":194,"column":31}},"loc":{"start":{"line":194,"column":51},"end":{"line":194,"column":79}},"line":194},"23":{"name":"(anonymous_23)","decl":{"start":{"line":199,"column":25},"end":{"line":199,"column":26}},"loc":{"start":{"line":200,"column":18},"end":{"line":206,"column":19}},"line":200}},"branchMap":{"0":{"loc":{"start":{"line":36,"column":4},"end":{"line":39,"column":5}},"type":"if","locations":[{"start":{"line":36,"column":4},"end":{"line":39,"column":5}},{"start":{},"end":{}}],"line":36},"1":{"loc":{"start":{"line":40,"column":4},"end":{"line":43,"column":5}},"type":"if","locations":[{"start":{"line":40,"column":4},"end":{"line":43,"column":5}},{"start":{},"end":{}}],"line":40},"2":{"loc":{"start":{"line":44,"column":4},"end":{"line":47,"column":5}},"type":"if","locations":[{"start":{"line":44,"column":4},"end":{"line":47,"column":5}},{"start":{},"end":{}}],"line":44},"3":{"loc":{"start":{"line":48,"column":4},"end":{"line":51,"column":5}},"type":"if","locations":[{"start":{"line":48,"column":4},"end":{"line":51,"column":5}},{"start":{},"end":{}}],"line":48},"4":{"loc":{"start":{"line":104,"column":29},"end":{"line":104,"column":49}},"type":"cond-expr","locations":[{"start":{"line":104,"column":35},"end":{"line":104,"column":44}},{"start":{"line":104,"column":47},"end":{"line":104,"column":49}}],"line":104},"5":{"loc":{"start":{"line":122,"column":13},"end":{"line":145,"column":13}},"type":"cond-expr","locations":[{"start":{"line":123,"column":14},"end":{"line":131,"column":21}},{"start":{"line":133,"column":14},"end":{"line":144,"column":16}}],"line":122}},"s":{"0":1,"1":1,"2":1,"3":1,"4":1,"5":1,"6":1,"7":1,"8":1,"9":1,"10":0,"11":0,"12":0,"13":0,"14":0,"15":0,"16":0,"17":0,"18":0,"19":0,"20":0,"21":0,"22":0,"23":0,"24":0,"25":0,"26":1,"27":0,"28":0,"29":0,"30":1,"31":0,"32":0,"33":0,"34":0,"35":0,"36":0,"37":1,"38":0,"39":0,"40":1,"41":0,"42":0,"43":0,"44":0,"45":1,"46":0,"47":0,"48":0,"49":0,"50":0,"51":0,"52":0,"53":0,"54":0,"55":0,"56":0,"57":0,"58":1},"f":{"0":1,"1":0,"2":0,"3":0,"4":0,"5":0,"6":0,"7":0,"8":0,"9":0,"10":0,"11":0,"12":0,"13":0,"14":0,"15":0,"16":0,"17":0,"18":0,"19":0,"20":0,"21":0,"22":0,"23":0},"b":{"0":[0,0],"1":[0,0],"2":[0,0],"3":[0,0],"4":[0,1],"5":[1,0]},"_coverageSchema":"1a1c01bbd47fc00a2c39e90264f33305004495a9","hash":"3ae16fdca6db77045bf773fe044a6c5a1e6cd256"}
,"C:\\Users\\s-tav\\Desktop\\SOEN490\\SOEN490\\WhatsUp\\app\\screens\\OrgPointOfContact.js": {"path":"C:\\Users\\s-tav\\Desktop\\SOEN490\\SOEN490\\WhatsUp\\app\\screens\\OrgPointOfContact.js","statementMap":{"0":{"start":{"line":19,"column":21},"end":{"line":19,"column":36}},"1":{"start":{"line":20,"column":32},"end":{"line":20,"column":44}},"2":{"start":{"line":21,"column":40},"end":{"line":21,"column":52}},"3":{"start":{"line":22,"column":34},"end":{"line":22,"column":46}},"4":{"start":{"line":24,"column":2},"end":{"line":26,"column":9}},"5":{"start":{"line":25,"column":4},"end":{"line":25,"column":17}},"6":{"start":{"line":28,"column":34},"end":{"line":55,"column":3}},"7":{"start":{"line":33,"column":2},"end":{"line":36,"column":3}},"8":{"start":{"line":34,"column":4},"end":{"line":34,"column":54}},"9":{"start":{"line":35,"column":4},"end":{"line":35,"column":11}},"10":{"start":{"line":37,"column":2},"end":{"line":40,"column":3}},"11":{"start":{"line":38,"column":4},"end":{"line":38,"column":62}},"12":{"start":{"line":39,"column":4},"end":{"line":39,"column":11}},"13":{"start":{"line":41,"column":2},"end":{"line":44,"column":3}},"14":{"start":{"line":42,"column":4},"end":{"line":42,"column":55}},"15":{"start":{"line":43,"column":4},"end":{"line":43,"column":11}},"16":{"start":{"line":46,"column":14},"end":{"line":50,"column":3}},"17":{"start":{"line":53,"column":2},"end":{"line":53,"column":16}},"18":{"start":{"line":54,"column":2},"end":{"line":54,"column":33}},"19":{"start":{"line":57,"column":26},"end":{"line":68,"column":3}},"20":{"start":{"line":59,"column":14},"end":{"line":63,"column":3}},"21":{"start":{"line":66,"column":2},"end":{"line":66,"column":16}},"22":{"start":{"line":67,"column":2},"end":{"line":67,"column":33}},"23":{"start":{"line":70,"column":19},"end":{"line":80,"column":3}},"24":{"start":{"line":71,"column":4},"end":{"line":79,"column":5}},"25":{"start":{"line":72,"column":24},"end":{"line":72,"column":43}},"26":{"start":{"line":73,"column":6},"end":{"line":76,"column":8}},"27":{"start":{"line":78,"column":6},"end":{"line":78,"column":20}},"28":{"start":{"line":82,"column":21},"end":{"line":102,"column":3}},"29":{"start":{"line":83,"column":4},"end":{"line":101,"column":5}},"30":{"start":{"line":84,"column":18},"end":{"line":86,"column":8}},"31":{"start":{"line":87,"column":6},"end":{"line":98,"column":7}},"32":{"start":{"line":88,"column":26},"end":{"line":88,"column":41}},"33":{"start":{"line":89,"column":8},"end":{"line":91,"column":9}},"34":{"start":{"line":90,"column":10},"end":{"line":90,"column":40}},"35":{"start":{"line":92,"column":8},"end":{"line":94,"column":9}},"36":{"start":{"line":93,"column":10},"end":{"line":93,"column":48}},"37":{"start":{"line":95,"column":8},"end":{"line":97,"column":9}},"38":{"start":{"line":96,"column":10},"end":{"line":96,"column":42}},"39":{"start":{"line":100,"column":6},"end":{"line":100,"column":20}},"40":{"start":{"line":104,"column":2},"end":{"line":156,"column":4}},"41":{"start":{"line":111,"column":25},"end":{"line":111,"column":43}},"42":{"start":{"line":131,"column":43},"end":{"line":131,"column":66}},"43":{"start":{"line":137,"column":14},"end":{"line":137,"column":48}},"44":{"start":{"line":143,"column":44},"end":{"line":143,"column":69}},"45":{"start":{"line":153,"column":23},"end":{"line":153,"column":77}},"46":{"start":{"line":159,"column":15},"end":{"line":188,"column":2}}},"fnMap":{"0":{"name":"OrganizerPOC","decl":{"start":{"line":18,"column":9},"end":{"line":18,"column":21}},"loc":{"start":{"line":18,"column":24},"end":{"line":157,"column":1}},"line":18},"1":{"name":"(anonymous_1)","decl":{"start":{"line":24,"column":12},"end":{"line":24,"column":13}},"loc":{"start":{"line":24,"column":18},"end":{"line":26,"column":3}},"line":24},"2":{"name":"(anonymous_2)","decl":{"start":{"line":28,"column":34},"end":{"line":28,"column":35}},"loc":{"start":{"line":31,"column":17},"end":{"line":55,"column":3}},"line":31},"3":{"name":"(anonymous_3)","decl":{"start":{"line":57,"column":26},"end":{"line":57,"column":27}},"loc":{"start":{"line":57,"column":38},"end":{"line":68,"column":3}},"line":57},"4":{"name":"(anonymous_4)","decl":{"start":{"line":70,"column":19},"end":{"line":70,"column":20}},"loc":{"start":{"line":70,"column":34},"end":{"line":80,"column":3}},"line":70},"5":{"name":"(anonymous_5)","decl":{"start":{"line":82,"column":21},"end":{"line":82,"column":22}},"loc":{"start":{"line":82,"column":33},"end":{"line":102,"column":3}},"line":82},"6":{"name":"(anonymous_6)","decl":{"start":{"line":111,"column":19},"end":{"line":111,"column":20}},"loc":{"start":{"line":111,"column":25},"end":{"line":111,"column":43}},"line":111},"7":{"name":"(anonymous_7)","decl":{"start":{"line":131,"column":26},"end":{"line":131,"column":27}},"loc":{"start":{"line":131,"column":43},"end":{"line":131,"column":66}},"line":131},"8":{"name":"(anonymous_8)","decl":{"start":{"line":136,"column":26},"end":{"line":136,"column":27}},"loc":{"start":{"line":137,"column":14},"end":{"line":137,"column":48}},"line":137},"9":{"name":"(anonymous_9)","decl":{"start":{"line":143,"column":26},"end":{"line":143,"column":27}},"loc":{"start":{"line":143,"column":44},"end":{"line":143,"column":69}},"line":143},"10":{"name":"(anonymous_10)","decl":{"start":{"line":153,"column":17},"end":{"line":153,"column":18}},"loc":{"start":{"line":153,"column":23},"end":{"line":153,"column":77}},"line":153}},"branchMap":{"0":{"loc":{"start":{"line":33,"column":2},"end":{"line":36,"column":3}},"type":"if","locations":[{"start":{"line":33,"column":2},"end":{"line":36,"column":3}},{"start":{},"end":{}}],"line":33},"1":{"loc":{"start":{"line":37,"column":2},"end":{"line":40,"column":3}},"type":"if","locations":[{"start":{"line":37,"column":2},"end":{"line":40,"column":3}},{"start":{},"end":{}}],"line":37},"2":{"loc":{"start":{"line":41,"column":2},"end":{"line":44,"column":3}},"type":"if","locations":[{"start":{"line":41,"column":2},"end":{"line":44,"column":3}},{"start":{},"end":{}}],"line":41},"3":{"loc":{"start":{"line":87,"column":6},"end":{"line":98,"column":7}},"type":"if","locations":[{"start":{"line":87,"column":6},"end":{"line":98,"column":7}},{"start":{},"end":{}}],"line":87},"4":{"loc":{"start":{"line":89,"column":8},"end":{"line":91,"column":9}},"type":"if","locations":[{"start":{"line":89,"column":8},"end":{"line":91,"column":9}},{"start":{},"end":{}}],"line":89},"5":{"loc":{"start":{"line":92,"column":8},"end":{"line":94,"column":9}},"type":"if","locations":[{"start":{"line":92,"column":8},"end":{"line":94,"column":9}},{"start":{},"end":{}}],"line":92},"6":{"loc":{"start":{"line":95,"column":8},"end":{"line":97,"column":9}},"type":"if","locations":[{"start":{"line":95,"column":8},"end":{"line":97,"column":9}},{"start":{},"end":{}}],"line":95}},"s":{"0":1,"1":1,"2":1,"3":1,"4":1,"5":1,"6":1,"7":0,"8":0,"9":0,"10":0,"11":0,"12":0,"13":0,"14":0,"15":0,"16":0,"17":0,"18":0,"19":1,"20":0,"21":0,"22":0,"23":1,"24":0,"25":0,"26":0,"27":0,"28":1,"29":1,"30":1,"31":1,"32":1,"33":0,"34":0,"35":0,"36":0,"37":0,"38":0,"39":1,"40":1,"41":0,"42":0,"43":0,"44":0,"45":0,"46":1},"f":{"0":1,"1":1,"2":0,"3":0,"4":0,"5":1,"6":0,"7":0,"8":0,"9":0,"10":0},"b":{"0":[0,0],"1":[0,0],"2":[0,0],"3":[1,0],"4":[0,0],"5":[0,0],"6":[0,0]},"_coverageSchema":"1a1c01bbd47fc00a2c39e90264f33305004495a9","hash":"441c930140db697a67ab5e05ff740c9d77b6ee2d"}
}
