TN:
SF:firebase.js
FNF:0
FNH:0
DA:6,1
DA:16,1
DA:17,1
DA:18,1
DA:26,1
LF:5
LH:5
BRF:0
BRH:0
end_of_record
TN:
SF:Images\w3.png
FNF:0
FNH:0
DA:1,1
LF:1
LH:1
BRF:0
BRH:0
end_of_record
TN:
SF:assets\Logos\waves.png
FNF:0
FNH:0
DA:1,1
LF:1
LH:1
BRF:0
BRH:0
end_of_record
TN:
SF:components\AppButton.js
FN:6,AppButton
FNF:1
FNH:1
FNDA:34,AppButton
DA:14,34
DA:30,1
LF:2
LH:2
BRDA:9,0,0,34
BRDA:10,1,0,34
BRDA:18,2,0,34
BRDA:18,2,1,0
BRDA:44,3,0,1
BRDA:44,3,1,0
BRF:6
BRH:4
end_of_record
TN:
SF:components\AppModal.js
FN:7,AppModal
FNF:1
FNH:1
FNDA:152,AppModal
DA:8,152
DA:21,1
LF:2
LH:2
BRF:0
BRH:0
end_of_record
TN:
SF:components\AppTextInput.js
FN:6,AppTextInput
FNF:1
FNH:1
FNDA:34,AppTextInput
DA:7,34
DA:14,1
LF:2
LH:2
BRDA:32,0,0,1
BRDA:32,0,1,0
BRF:2
BRH:1
end_of_record
TN:
SF:components\ImgOrgBottom.js
FN:7,BottomImg
FNF:1
FNH:1
FNDA:76,BottomImg
DA:9,76
DA:14,1
DA:15,1
DA:16,1
DA:18,1
LF:5
LH:5
BRF:0
BRH:0
end_of_record
TN:
SF:components\Screen.js
FN:5,Screen
FNF:1
FNH:1
FNDA:76,Screen
DA:6,76
DA:14,1
LF:2
LH:2
BRF:0
BRH:0
end_of_record
TN:
SF:components\TitleHeaders.js
FN:6,TitleHeaders
FNF:1
FNH:1
FNDA:110,TitleHeaders
DA:7,110
DA:30,1
LF:2
LH:2
BRDA:6,0,0,110
BRDA:12,1,0,110
BRDA:12,1,1,0
BRDA:33,2,0,1
BRDA:33,2,1,0
BRF:5
BRH:3
end_of_record
TN:
SF:components\UtilBtn.js
FN:12,UtilBtn
FNF:1
FNH:1
FNDA:34,UtilBtn
DA:8,1
DA:22,34
DA:44,1
LF:3
LH:3
BRDA:15,0,0,34
BRDA:16,1,0,34
BRDA:19,2,0,34
BRDA:55,3,0,1
BRDA:55,3,1,0
BRF:5
BRH:4
end_of_record
TN:
SF:config\colors.js
FNF:0
FNH:0
LF:0
LH:0
BRF:0
BRH:0
end_of_record
TN:
SF:screens\UserProfile.js
FN:37,UserProfile
FN:48,(anonymous_1)
FN:52,(anonymous_2)
FN:59,(anonymous_3)
FN:63,(anonymous_4)
FN:72,(anonymous_5)
FN:78,(anonymous_6)
FN:79,(anonymous_7)
FN:84,(anonymous_8)
FN:86,(anonymous_9)
FN:87,(anonymous_10)
FN:90,(anonymous_11)
FN:92,(anonymous_12)
FN:98,(anonymous_13)
FN:101,(anonymous_14)
FN:103,(anonymous_15)
FN:111,(anonymous_16)
FN:117,(anonymous_17)
FN:119,(anonymous_18)
FN:127,(anonymous_19)
FN:133,(anonymous_20)
FN:135,(anonymous_21)
FN:195,(anonymous_22)
FN:230,(anonymous_23)
FN:255,(anonymous_24)
FN:261,(anonymous_25)
FN:271,(anonymous_26)
FN:279,(anonymous_27)
FN:296,(anonymous_28)
FN:301,(anonymous_29)
FN:313,(anonymous_30)
FN:322,(anonymous_31)
FN:339,(anonymous_32)
FN:346,(anonymous_33)
FNF:34
FNH:14
FNDA:107,UserProfile
FNDA:106,(anonymous_1)
FNDA:0,(anonymous_2)
FNDA:106,(anonymous_3)
FNDA:0,(anonymous_4)
FNDA:32,(anonymous_5)
FNDA:0,(anonymous_6)
FNDA:0,(anonymous_7)
FNDA:13,(anonymous_8)
FNDA:0,(anonymous_9)
FNDA:13,(anonymous_10)
FNDA:0,(anonymous_11)
FNDA:0,(anonymous_12)
FNDA:0,(anonymous_13)
FNDA:21,(anonymous_14)
FNDA:0,(anonymous_15)
FNDA:0,(anonymous_16)
FNDA:32,(anonymous_17)
FNDA:29,(anonymous_18)
FNDA:0,(anonymous_19)
FNDA:0,(anonymous_20)
FNDA:0,(anonymous_21)
FNDA:32,(anonymous_22)
FNDA:76,(anonymous_23)
FNDA:1,(anonymous_24)
FNDA:0,(anonymous_25)
FNDA:0,(anonymous_26)
FNDA:0,(anonymous_27)
FNDA:0,(anonymous_28)
FNDA:0,(anonymous_29)
FNDA:0,(anonymous_30)
FNDA:0,(anonymous_31)
FNDA:32,(anonymous_32)
FNDA:32,(anonymous_33)
DA:38,107
DA:39,106
DA:40,106
DA:41,106
DA:42,106
DA:43,106
DA:44,106
DA:45,106
DA:46,106
DA:48,106
DA:49,106
DA:50,0
DA:51,0
DA:52,0
DA:53,0
DA:54,0
DA:59,106
DA:60,106
DA:61,0
DA:62,0
DA:63,0
DA:64,0
DA:69,106
DA:70,106
DA:72,106
DA:73,32
DA:74,0
DA:77,0
DA:80,0
DA:84,106
DA:85,13
DA:90,106
DA:91,0
DA:93,0
DA:101,106
DA:102,21
DA:104,0
DA:105,0
DA:108,0
DA:112,0
DA:113,0
DA:117,106
DA:118,32
DA:120,29
DA:121,13
DA:122,13
DA:124,16
DA:128,0
DA:129,0
DA:133,106
DA:134,0
DA:135,0
DA:136,0
DA:140,106
DA:195,32
DA:231,76
DA:256,1
DA:261,0
DA:272,0
DA:279,0
DA:296,0
DA:302,0
DA:314,0
DA:322,0
DA:340,32
DA:347,32
DA:348,32
DA:349,32
DA:360,1
LF:69
LH:38
BRDA:51,0,0,0
BRDA:51,0,1,0
BRDA:62,1,0,0
BRDA:62,1,1,0
BRDA:104,2,0,0
BRDA:104,2,1,0
BRDA:104,3,0,0
BRDA:104,3,1,0
BRDA:120,4,0,13
BRDA:120,4,1,16
BRDA:120,5,0,29
BRDA:120,5,1,29
BRDA:233,6,0,0
BRDA:233,6,1,76
BRF:14
BRH:5
end_of_record
