TN:
SF:firebase.js
FNF:0
FNH:0
DA:5,1
DA:15,1
DA:16,1
DA:17,1
LF:4
LH:4
BRF:0
BRH:0
end_of_record
TN:
SF:Images\w3.png
FNF:0
FNH:0
DA:1,1
LF:1
LH:1
BRF:0
BRH:0
end_of_record
TN:
SF:assets\Logos\waves.png
FNF:0
FNH:0
DA:1,1
LF:1
LH:1
BRF:0
BRH:0
end_of_record
TN:
SF:components\AppButton.js
FN:6,AppButton
FNF:1
FNH:1
FNDA:41,AppButton
DA:14,41
DA:30,1
LF:2
LH:2
BRDA:9,0,0,41
BRDA:10,1,0,41
BRDA:18,2,0,41
BRDA:18,2,1,0
BRDA:44,3,0,1
BRDA:44,3,1,0
BRF:6
BRH:4
end_of_record
TN:
SF:components\AppModal.js
FN:7,AppModal
FNF:1
FNH:1
FNDA:180,AppModal
DA:8,180
DA:21,1
LF:2
LH:2
BRF:0
BRH:0
end_of_record
TN:
SF:components\AppTextInput.js
FN:6,AppTextInput
FNF:1
FNH:1
FNDA:41,AppTextInput
DA:7,41
DA:14,1
LF:2
LH:2
BRDA:32,0,0,1
BRDA:32,0,1,0
BRF:2
BRH:1
end_of_record
TN:
SF:components\ImgOrgBottom.js
FN:7,BottomImg
FNF:1
FNH:1
FNDA:90,BottomImg
DA:9,90
DA:14,1
DA:15,1
DA:16,1
DA:18,1
LF:5
LH:5
BRF:0
BRH:0
end_of_record
TN:
SF:components\Screen.js
FN:5,Screen
FNF:1
FNH:1
FNDA:90,Screen
DA:6,90
DA:14,1
LF:2
LH:2
BRF:0
BRH:0
end_of_record
TN:
SF:components\TitleHeaders.js
FN:6,TitleHeaders
FNF:1
FNH:1
FNDA:131,TitleHeaders
DA:7,131
DA:30,1
LF:2
LH:2
BRDA:6,0,0,131
BRDA:12,1,0,131
BRDA:12,1,1,0
BRF:3
BRH:2
end_of_record
TN:
SF:components\UtilBtn.js
FN:12,UtilBtn
FNF:1
FNH:1
FNDA:41,UtilBtn
DA:8,1
DA:21,41
DA:43,1
LF:3
LH:3
BRDA:15,0,0,41
BRDA:16,1,0,41
BRDA:19,2,0,41
BRDA:54,3,0,1
BRDA:54,3,1,0
BRF:5
BRH:4
end_of_record
TN:
SF:config\colors.js
FNF:0
FNH:0
LF:0
LH:0
BRF:0
BRH:0
end_of_record
TN:
SF:screens\UserProfile.js
FN:37,UserProfile
FN:48,(anonymous_1)
FN:52,(anonymous_2)
FN:59,(anonymous_3)
FN:63,(anonymous_4)
FN:72,(anonymous_5)
FN:78,(anonymous_6)
FN:79,(anonymous_7)
FN:84,(anonymous_8)
FN:86,(anonymous_9)
FN:87,(anonymous_10)
FN:90,(anonymous_11)
FN:92,(anonymous_12)
FN:98,(anonymous_13)
FN:101,(anonymous_14)
FN:103,(anonymous_15)
FN:111,(anonymous_16)
FN:117,(anonymous_17)
FN:119,(anonymous_18)
FN:127,(anonymous_19)
FN:133,(anonymous_20)
FN:135,(anonymous_21)
FN:195,(anonymous_22)
FN:230,(anonymous_23)
FN:255,(anonymous_24)
FN:261,(anonymous_25)
FN:271,(anonymous_26)
FN:279,(anonymous_27)
FN:296,(anonymous_28)
FN:301,(anonymous_29)
FN:313,(anonymous_30)
FN:322,(anonymous_31)
FN:339,(anonymous_32)
FN:346,(anonymous_33)
FNF:34
FNH:14
FNDA:128,UserProfile
FNDA:127,(anonymous_1)
FNDA:0,(anonymous_2)
FNDA:127,(anonymous_3)
FNDA:0,(anonymous_4)
FNDA:39,(anonymous_5)
FNDA:0,(anonymous_6)
FNDA:0,(anonymous_7)
FNDA:18,(anonymous_8)
FNDA:0,(anonymous_9)
FNDA:18,(anonymous_10)
FNDA:0,(anonymous_11)
FNDA:0,(anonymous_12)
FNDA:0,(anonymous_13)
FNDA:21,(anonymous_14)
FNDA:0,(anonymous_15)
FNDA:0,(anonymous_16)
FNDA:39,(anonymous_17)
FNDA:39,(anonymous_18)
FNDA:0,(anonymous_19)
FNDA:0,(anonymous_20)
FNDA:0,(anonymous_21)
FNDA:39,(anonymous_22)
FNDA:90,(anonymous_23)
FNDA:1,(anonymous_24)
FNDA:0,(anonymous_25)
FNDA:0,(anonymous_26)
FNDA:0,(anonymous_27)
FNDA:0,(anonymous_28)
FNDA:0,(anonymous_29)
FNDA:0,(anonymous_30)
FNDA:0,(anonymous_31)
FNDA:39,(anonymous_32)
FNDA:39,(anonymous_33)
DA:38,128
DA:39,127
DA:40,127
DA:41,127
DA:42,127
DA:43,127
DA:44,127
DA:45,127
DA:46,127
DA:48,127
DA:49,127
DA:50,0
DA:51,0
DA:52,0
DA:53,0
DA:54,0
DA:59,127
DA:60,127
DA:61,0
DA:62,0
DA:63,0
DA:64,0
DA:69,127
DA:70,127
DA:72,127
DA:73,39
DA:74,0
DA:77,0
DA:80,0
DA:84,127
DA:85,18
DA:90,127
DA:91,0
DA:93,0
DA:101,127
DA:102,21
DA:104,0
DA:105,0
DA:108,0
DA:112,0
DA:113,0
DA:117,127
DA:118,39
DA:120,39
DA:121,18
DA:122,18
DA:124,21
DA:128,0
DA:129,0
DA:133,127
DA:134,0
DA:135,0
DA:136,0
DA:140,127
DA:195,39
DA:231,90
DA:256,1
DA:261,0
DA:272,0
DA:279,0
DA:296,0
DA:302,0
DA:314,0
DA:322,0
DA:340,39
DA:347,39
DA:348,39
DA:349,39
DA:360,1
LF:69
LH:38
BRDA:51,0,0,0
BRDA:51,0,1,0
BRDA:62,1,0,0
BRDA:62,1,1,0
BRDA:104,2,0,0
BRDA:104,2,1,0
BRDA:104,3,0,0
BRDA:104,3,1,0
BRDA:120,4,0,18
BRDA:120,4,1,21
BRDA:120,5,0,39
BRDA:120,5,1,39
BRDA:233,6,0,0
BRDA:233,6,1,90
BRF:14
BRH:5
end_of_record
