<?xml version="1.0" encoding="UTF-8"?>
<coverage generated="1674781535823" clover="3.2.0">
  <project timestamp="1674781535823" name="All files">
    <metrics statements="82" coveredstatements="40" conditionals="41" coveredconditionals="21" methods="35" coveredmethods="8" elements="158" coveredelements="69" complexity="0" loc="82" ncloc="82" packages="1" files="1" classes="1"/>
    <file name="dashboard.js" path="C:\Users\Admin\Documents\GitHub\SOEN490\WhatsUp\web\frontend\src\components\dashboard.js">
      <metrics statements="82" coveredstatements="40" conditionals="41" coveredconditionals="21" methods="35" coveredmethods="8"/>
      <line num="27" count="6" type="stmt"/>
      <line num="28" count="6" type="stmt"/>
      <line num="29" count="6" type="stmt"/>
      <line num="30" count="6" type="stmt"/>
      <line num="31" count="6" type="stmt"/>
      <line num="32" count="6" type="stmt"/>
      <line num="33" count="6" type="stmt"/>
      <line num="34" count="6" type="stmt"/>
      <line num="35" count="6" type="stmt"/>
      <line num="36" count="6" type="stmt"/>
      <line num="38" count="6" type="stmt"/>
      <line num="39" count="0" type="stmt"/>
      <line num="40" count="0" type="stmt"/>
      <line num="41" count="0" type="stmt"/>
      <line num="42" count="0" type="stmt"/>
      <line num="46" count="6" type="stmt"/>
      <line num="47" count="4" type="stmt"/>
      <line num="48" count="4" type="stmt"/>
      <line num="49" count="4" type="stmt"/>
      <line num="50" count="0" type="cond" truecount="0" falsecount="2"/>
      <line num="51" count="0" type="stmt"/>
      <line num="52" count="0" type="stmt"/>
      <line num="53" count="0" type="stmt"/>
      <line num="56" count="0" type="stmt"/>
      <line num="60" count="6" type="stmt"/>
      <line num="61" count="4" type="stmt"/>
      <line num="62" count="4" type="stmt"/>
      <line num="63" count="4" type="stmt"/>
      <line num="64" count="0" type="cond" truecount="0" falsecount="2"/>
      <line num="65" count="0" type="stmt"/>
      <line num="66" count="0" type="stmt"/>
      <line num="67" count="0" type="stmt"/>
      <line num="70" count="0" type="stmt"/>
      <line num="74" count="6" type="stmt"/>
      <line num="75" count="4" type="stmt"/>
      <line num="76" count="4" type="stmt"/>
      <line num="77" count="4" type="stmt"/>
      <line num="78" count="0" type="cond" truecount="0" falsecount="2"/>
      <line num="79" count="0" type="stmt"/>
      <line num="80" count="0" type="stmt"/>
      <line num="81" count="0" type="stmt"/>
      <line num="84" count="0" type="stmt"/>
      <line num="88" count="6" type="stmt"/>
      <line num="89" count="0" type="stmt"/>
      <line num="90" count="0" type="stmt"/>
      <line num="97" count="6" type="stmt"/>
      <line num="98" count="0" type="stmt"/>
      <line num="99" count="0" type="stmt"/>
      <line num="104" count="6" type="stmt"/>
      <line num="105" count="4" type="stmt"/>
      <line num="106" count="4" type="stmt"/>
      <line num="107" count="4" type="stmt"/>
      <line num="110" count="6" type="stmt"/>
      <line num="112" count="0" type="stmt"/>
      <line num="116" count="6" type="stmt"/>
      <line num="121" count="0" type="cond" truecount="0" falsecount="2"/>
      <line num="215" count="0" type="stmt"/>
      <line num="247" count="0" type="stmt"/>
      <line num="255" count="0" type="stmt"/>
      <line num="270" count="0" type="stmt"/>
      <line num="285" count="0" type="stmt"/>
      <line num="291" count="0" type="stmt"/>
      <line num="292" count="0" type="stmt"/>
      <line num="307" count="0" type="cond" truecount="0" falsecount="2"/>
      <line num="393" count="0" type="stmt"/>
      <line num="428" count="0" type="cond" truecount="0" falsecount="2"/>
      <line num="514" count="0" type="stmt"/>
      <line num="556" count="1" type="stmt"/>
      <line num="557" count="1" type="stmt"/>
      <line num="558" count="1" type="stmt"/>
      <line num="569" count="1" type="stmt"/>
      <line num="570" count="1" type="stmt"/>
      <line num="571" count="1" type="stmt"/>
      <line num="582" count="1" type="stmt"/>
      <line num="583" count="1" type="stmt"/>
      <line num="584" count="1" type="stmt"/>
      <line num="617" count="0" type="stmt"/>
      <line num="624" count="0" type="stmt"/>
      <line num="651" count="0" type="stmt"/>
      <line num="658" count="0" type="stmt"/>
      <line num="685" count="0" type="stmt"/>
      <line num="692" count="0" type="stmt"/>
    </file>
  </project>
</coverage>
