{"C:\\Users\\Admin\\Documents\\GitHub\\SOEN490\\WhatsUp\\web\\frontend\\src\\components\\dashboard.js": {"path":"C:\\Users\\Admin\\Documents\\GitHub\\SOEN490\\WhatsUp\\web\\frontend\\src\\components\\dashboard.js","statementMap":{"0":{"start":{"line":27,"column":46},"end":{"line":27,"column":58}},"1":{"start":{"line":28,"column":50},"end":{"line":28,"column":62}},"2":{"start":{"line":29,"column":46},"end":{"line":29,"column":58}},"3":{"start":{"line":30,"column":44},"end":{"line":30,"column":56}},"4":{"start":{"line":31,"column":42},"end":{"line":31,"column":57}},"5":{"start":{"line":32,"column":40},"end":{"line":32,"column":54}},"6":{"start":{"line":33,"column":44},"end":{"line":33,"column":59}},"7":{"start":{"line":34,"column":40},"end":{"line":34,"column":55}},"8":{"start":{"line":35,"column":42},"end":{"line":35,"column":54}},"9":{"start":{"line":36,"column":18},"end":{"line":36,"column":30}},"10":{"start":{"line":38,"column":19},"end":{"line":43,"column":3}},"11":{"start":{"line":39,"column":18},"end":{"line":39,"column":32}},"12":{"start":{"line":40,"column":21},"end":{"line":40,"column":44}},"13":{"start":{"line":41,"column":21},"end":{"line":41,"column":59}},"14":{"start":{"line":42,"column":4},"end":{"line":42,"column":20}},"15":{"start":{"line":46,"column":30},"end":{"line":57,"column":3}},"16":{"start":{"line":47,"column":17},"end":{"line":47,"column":29}},"17":{"start":{"line":48,"column":14},"end":{"line":48,"column":79}},"18":{"start":{"line":49,"column":26},"end":{"line":49,"column":42}},"19":{"start":{"line":50,"column":4},"end":{"line":56,"column":70}},"20":{"start":{"line":51,"column":6},"end":{"line":55,"column":9}},"21":{"start":{"line":52,"column":8},"end":{"line":54,"column":10}},"22":{"start":{"line":53,"column":43},"end":{"line":53,"column":72}},"23":{"start":{"line":56,"column":11},"end":{"line":56,"column":70}},"24":{"start":{"line":60,"column":25},"end":{"line":71,"column":3}},"25":{"start":{"line":61,"column":17},"end":{"line":61,"column":27}},"26":{"start":{"line":62,"column":14},"end":{"line":62,"column":79}},"27":{"start":{"line":63,"column":26},"end":{"line":63,"column":42}},"28":{"start":{"line":64,"column":4},"end":{"line":70,"column":68}},"29":{"start":{"line":65,"column":6},"end":{"line":69,"column":9}},"30":{"start":{"line":66,"column":8},"end":{"line":68,"column":10}},"31":{"start":{"line":67,"column":43},"end":{"line":67,"column":72}},"32":{"start":{"line":70,"column":11},"end":{"line":70,"column":68}},"33":{"start":{"line":74,"column":25},"end":{"line":85,"column":3}},"34":{"start":{"line":75,"column":17},"end":{"line":75,"column":27}},"35":{"start":{"line":76,"column":14},"end":{"line":76,"column":79}},"36":{"start":{"line":77,"column":26},"end":{"line":77,"column":42}},"37":{"start":{"line":78,"column":4},"end":{"line":84,"column":68}},"38":{"start":{"line":79,"column":6},"end":{"line":83,"column":9}},"39":{"start":{"line":80,"column":8},"end":{"line":82,"column":10}},"40":{"start":{"line":81,"column":43},"end":{"line":81,"column":72}},"41":{"start":{"line":84,"column":11},"end":{"line":84,"column":68}},"42":{"start":{"line":88,"column":29},"end":{"line":94,"column":3}},"43":{"start":{"line":89,"column":29},"end":{"line":89,"column":49}},"44":{"start":{"line":90,"column":4},"end":{"line":93,"column":7}},"45":{"start":{"line":97,"column":33},"end":{"line":102,"column":3}},"46":{"start":{"line":98,"column":30},"end":{"line":98,"column":50}},"47":{"start":{"line":99,"column":4},"end":{"line":101,"column":7}},"48":{"start":{"line":104,"column":2},"end":{"line":108,"column":9}},"49":{"start":{"line":105,"column":4},"end":{"line":105,"column":21}},"50":{"start":{"line":106,"column":4},"end":{"line":106,"column":26}},"51":{"start":{"line":107,"column":4},"end":{"line":107,"column":21}},"52":{"start":{"line":110,"column":2},"end":{"line":114,"column":4}},"53":{"start":{"line":112,"column":27},"end":{"line":112,"column":62}},"54":{"start":{"line":116,"column":2},"end":{"line":719,"column":4}},"55":{"start":{"line":121,"column":12},"end":{"line":302,"column":13}},"56":{"start":{"line":215,"column":24},"end":{"line":239,"column":30}},"57":{"start":{"line":247,"column":26},"end":{"line":247,"column":68}},"58":{"start":{"line":255,"column":39},"end":{"line":255,"column":60}},"59":{"start":{"line":270,"column":45},"end":{"line":270,"column":67}},"60":{"start":{"line":285,"column":28},"end":{"line":285,"column":63}},"61":{"start":{"line":291,"column":28},"end":{"line":291,"column":51}},"62":{"start":{"line":292,"column":28},"end":{"line":292,"column":67}},"63":{"start":{"line":307,"column":12},"end":{"line":423,"column":13}},"64":{"start":{"line":393,"column":24},"end":{"line":417,"column":30}},"65":{"start":{"line":428,"column":12},"end":{"line":544,"column":13}},"66":{"start":{"line":514,"column":24},"end":{"line":538,"column":30}},"67":{"start":{"line":556,"column":16},"end":{"line":556,"column":36}},"68":{"start":{"line":557,"column":16},"end":{"line":557,"column":39}},"69":{"start":{"line":558,"column":16},"end":{"line":558,"column":37}},"70":{"start":{"line":569,"column":16},"end":{"line":569,"column":38}},"71":{"start":{"line":570,"column":16},"end":{"line":570,"column":37}},"72":{"start":{"line":571,"column":16},"end":{"line":571,"column":37}},"73":{"start":{"line":582,"column":16},"end":{"line":582,"column":36}},"74":{"start":{"line":583,"column":16},"end":{"line":583,"column":37}},"75":{"start":{"line":584,"column":16},"end":{"line":584,"column":39}},"76":{"start":{"line":617,"column":14},"end":{"line":646,"column":20}},"77":{"start":{"line":624,"column":31},"end":{"line":624,"column":67}},"78":{"start":{"line":651,"column":14},"end":{"line":680,"column":20}},"79":{"start":{"line":658,"column":31},"end":{"line":658,"column":65}},"80":{"start":{"line":685,"column":14},"end":{"line":714,"column":20}},"81":{"start":{"line":692,"column":31},"end":{"line":692,"column":65}}},"fnMap":{"0":{"name":"Dashboard","decl":{"start":{"line":26,"column":9},"end":{"line":26,"column":18}},"loc":{"start":{"line":26,"column":21},"end":{"line":720,"column":1}},"line":26},"1":{"name":"(anonymous_1)","decl":{"start":{"line":38,"column":19},"end":{"line":38,"column":20}},"loc":{"start":{"line":38,"column":34},"end":{"line":43,"column":3}},"line":38},"2":{"name":"(anonymous_2)","decl":{"start":{"line":46,"column":30},"end":{"line":46,"column":31}},"loc":{"start":{"line":46,"column":42},"end":{"line":57,"column":3}},"line":46},"3":{"name":"(anonymous_3)","decl":{"start":{"line":51,"column":28},"end":{"line":51,"column":29}},"loc":{"start":{"line":51,"column":37},"end":{"line":55,"column":7}},"line":51},"4":{"name":"(anonymous_4)","decl":{"start":{"line":53,"column":33},"end":{"line":53,"column":34}},"loc":{"start":{"line":53,"column":43},"end":{"line":53,"column":72}},"line":53},"5":{"name":"(anonymous_5)","decl":{"start":{"line":60,"column":25},"end":{"line":60,"column":26}},"loc":{"start":{"line":60,"column":37},"end":{"line":71,"column":3}},"line":60},"6":{"name":"(anonymous_6)","decl":{"start":{"line":65,"column":28},"end":{"line":65,"column":29}},"loc":{"start":{"line":65,"column":37},"end":{"line":69,"column":7}},"line":65},"7":{"name":"(anonymous_7)","decl":{"start":{"line":67,"column":33},"end":{"line":67,"column":34}},"loc":{"start":{"line":67,"column":43},"end":{"line":67,"column":72}},"line":67},"8":{"name":"(anonymous_8)","decl":{"start":{"line":74,"column":25},"end":{"line":74,"column":26}},"loc":{"start":{"line":74,"column":37},"end":{"line":85,"column":3}},"line":74},"9":{"name":"(anonymous_9)","decl":{"start":{"line":79,"column":28},"end":{"line":79,"column":29}},"loc":{"start":{"line":79,"column":37},"end":{"line":83,"column":7}},"line":79},"10":{"name":"(anonymous_10)","decl":{"start":{"line":81,"column":33},"end":{"line":81,"column":34}},"loc":{"start":{"line":81,"column":43},"end":{"line":81,"column":72}},"line":81},"11":{"name":"(anonymous_11)","decl":{"start":{"line":88,"column":29},"end":{"line":88,"column":30}},"loc":{"start":{"line":88,"column":42},"end":{"line":94,"column":3}},"line":88},"12":{"name":"(anonymous_12)","decl":{"start":{"line":97,"column":33},"end":{"line":97,"column":34}},"loc":{"start":{"line":97,"column":46},"end":{"line":102,"column":3}},"line":97},"13":{"name":"(anonymous_13)","decl":{"start":{"line":104,"column":12},"end":{"line":104,"column":13}},"loc":{"start":{"line":104,"column":18},"end":{"line":108,"column":3}},"line":104},"14":{"name":"(anonymous_14)","decl":{"start":{"line":112,"column":6},"end":{"line":112,"column":7}},"loc":{"start":{"line":112,"column":27},"end":{"line":112,"column":62}},"line":112},"15":{"name":"(anonymous_15)","decl":{"start":{"line":120,"column":10},"end":{"line":120,"column":11}},"loc":{"start":{"line":121,"column":12},"end":{"line":302,"column":13}},"line":121},"16":{"name":"(anonymous_16)","decl":{"start":{"line":214,"column":22},"end":{"line":214,"column":23}},"loc":{"start":{"line":215,"column":24},"end":{"line":239,"column":30}},"line":215},"17":{"name":"(anonymous_17)","decl":{"start":{"line":246,"column":33},"end":{"line":246,"column":34}},"loc":{"start":{"line":247,"column":26},"end":{"line":247,"column":68}},"line":247},"18":{"name":"(anonymous_18)","decl":{"start":{"line":255,"column":33},"end":{"line":255,"column":34}},"loc":{"start":{"line":255,"column":39},"end":{"line":255,"column":60}},"line":255},"19":{"name":"(anonymous_19)","decl":{"start":{"line":270,"column":39},"end":{"line":270,"column":40}},"loc":{"start":{"line":270,"column":45},"end":{"line":270,"column":67}},"line":270},"20":{"name":"(anonymous_20)","decl":{"start":{"line":284,"column":36},"end":{"line":284,"column":37}},"loc":{"start":{"line":285,"column":28},"end":{"line":285,"column":63}},"line":285},"21":{"name":"(anonymous_21)","decl":{"start":{"line":290,"column":35},"end":{"line":290,"column":36}},"loc":{"start":{"line":290,"column":41},"end":{"line":293,"column":27}},"line":290},"22":{"name":"(anonymous_22)","decl":{"start":{"line":306,"column":10},"end":{"line":306,"column":11}},"loc":{"start":{"line":307,"column":12},"end":{"line":423,"column":13}},"line":307},"23":{"name":"(anonymous_23)","decl":{"start":{"line":392,"column":22},"end":{"line":392,"column":23}},"loc":{"start":{"line":393,"column":24},"end":{"line":417,"column":30}},"line":393},"24":{"name":"(anonymous_24)","decl":{"start":{"line":427,"column":10},"end":{"line":427,"column":11}},"loc":{"start":{"line":428,"column":12},"end":{"line":544,"column":13}},"line":428},"25":{"name":"(anonymous_25)","decl":{"start":{"line":513,"column":22},"end":{"line":513,"column":23}},"loc":{"start":{"line":514,"column":24},"end":{"line":538,"column":30}},"line":514},"26":{"name":"(anonymous_26)","decl":{"start":{"line":555,"column":23},"end":{"line":555,"column":24}},"loc":{"start":{"line":555,"column":29},"end":{"line":559,"column":15}},"line":555},"27":{"name":"(anonymous_27)","decl":{"start":{"line":568,"column":23},"end":{"line":568,"column":24}},"loc":{"start":{"line":568,"column":29},"end":{"line":572,"column":15}},"line":568},"28":{"name":"(anonymous_28)","decl":{"start":{"line":581,"column":23},"end":{"line":581,"column":24}},"loc":{"start":{"line":581,"column":29},"end":{"line":585,"column":15}},"line":581},"29":{"name":"(anonymous_29)","decl":{"start":{"line":616,"column":33},"end":{"line":616,"column":34}},"loc":{"start":{"line":617,"column":14},"end":{"line":646,"column":20}},"line":617},"30":{"name":"(anonymous_30)","decl":{"start":{"line":624,"column":25},"end":{"line":624,"column":26}},"loc":{"start":{"line":624,"column":31},"end":{"line":624,"column":67}},"line":624},"31":{"name":"(anonymous_31)","decl":{"start":{"line":650,"column":31},"end":{"line":650,"column":32}},"loc":{"start":{"line":651,"column":14},"end":{"line":680,"column":20}},"line":651},"32":{"name":"(anonymous_32)","decl":{"start":{"line":658,"column":25},"end":{"line":658,"column":26}},"loc":{"start":{"line":658,"column":31},"end":{"line":658,"column":65}},"line":658},"33":{"name":"(anonymous_33)","decl":{"start":{"line":684,"column":31},"end":{"line":684,"column":32}},"loc":{"start":{"line":685,"column":14},"end":{"line":714,"column":20}},"line":685},"34":{"name":"(anonymous_34)","decl":{"start":{"line":692,"column":25},"end":{"line":692,"column":26}},"loc":{"start":{"line":692,"column":31},"end":{"line":692,"column":65}},"line":692}},"branchMap":{"0":{"loc":{"start":{"line":50,"column":4},"end":{"line":56,"column":70}},"type":"if","locations":[{"start":{"line":50,"column":4},"end":{"line":56,"column":70}},{"start":{"line":56,"column":11},"end":{"line":56,"column":70}}],"line":50},"1":{"loc":{"start":{"line":64,"column":4},"end":{"line":70,"column":68}},"type":"if","locations":[{"start":{"line":64,"column":4},"end":{"line":70,"column":68}},{"start":{"line":70,"column":11},"end":{"line":70,"column":68}}],"line":64},"2":{"loc":{"start":{"line":78,"column":4},"end":{"line":84,"column":68}},"type":"if","locations":[{"start":{"line":78,"column":4},"end":{"line":84,"column":68}},{"start":{"line":84,"column":11},"end":{"line":84,"column":68}}],"line":78},"3":{"loc":{"start":{"line":118,"column":7},"end":{"line":303,"column":9}},"type":"binary-expr","locations":[{"start":{"line":118,"column":7},"end":{"line":118,"column":21}},{"start":{"line":119,"column":8},"end":{"line":303,"column":9}}],"line":118},"4":{"loc":{"start":{"line":121,"column":12},"end":{"line":302,"column":13}},"type":"binary-expr","locations":[{"start":{"line":121,"column":12},"end":{"line":121,"column":48}},{"start":{"line":122,"column":14},"end":{"line":301,"column":20}}],"line":121},"5":{"loc":{"start":{"line":260,"column":21},"end":{"line":298,"column":21}},"type":"binary-expr","locations":[{"start":{"line":260,"column":21},"end":{"line":260,"column":33}},{"start":{"line":261,"column":22},"end":{"line":297,"column":28}}],"line":260},"6":{"loc":{"start":{"line":304,"column":7},"end":{"line":424,"column":9}},"type":"binary-expr","locations":[{"start":{"line":304,"column":7},"end":{"line":304,"column":19}},{"start":{"line":305,"column":8},"end":{"line":424,"column":9}}],"line":304},"7":{"loc":{"start":{"line":307,"column":12},"end":{"line":423,"column":13}},"type":"binary-expr","locations":[{"start":{"line":307,"column":12},"end":{"line":307,"column":46}},{"start":{"line":308,"column":14},"end":{"line":422,"column":20}}],"line":307},"8":{"loc":{"start":{"line":425,"column":7},"end":{"line":545,"column":9}},"type":"binary-expr","locations":[{"start":{"line":425,"column":7},"end":{"line":425,"column":19}},{"start":{"line":426,"column":8},"end":{"line":545,"column":9}}],"line":425},"9":{"loc":{"start":{"line":428,"column":12},"end":{"line":544,"column":13}},"type":"binary-expr","locations":[{"start":{"line":428,"column":12},"end":{"line":428,"column":46}},{"start":{"line":429,"column":14},"end":{"line":543,"column":20}}],"line":428},"10":{"loc":{"start":{"line":553,"column":16},"end":{"line":553,"column":74}},"type":"cond-expr","locations":[{"start":{"line":553,"column":40},"end":{"line":553,"column":59}},{"start":{"line":553,"column":62},"end":{"line":553,"column":74}}],"line":553},"11":{"loc":{"start":{"line":566,"column":16},"end":{"line":566,"column":76}},"type":"cond-expr","locations":[{"start":{"line":566,"column":42},"end":{"line":566,"column":61}},{"start":{"line":566,"column":64},"end":{"line":566,"column":76}}],"line":566},"12":{"loc":{"start":{"line":579,"column":16},"end":{"line":579,"column":74}},"type":"cond-expr","locations":[{"start":{"line":579,"column":40},"end":{"line":579,"column":59}},{"start":{"line":579,"column":62},"end":{"line":579,"column":74}}],"line":579},"13":{"loc":{"start":{"line":614,"column":11},"end":{"line":647,"column":14}},"type":"binary-expr","locations":[{"start":{"line":614,"column":11},"end":{"line":614,"column":25}},{"start":{"line":615,"column":12},"end":{"line":615,"column":28}},{"start":{"line":616,"column":12},"end":{"line":647,"column":14}}],"line":614},"14":{"loc":{"start":{"line":619,"column":18},"end":{"line":621,"column":43}},"type":"cond-expr","locations":[{"start":{"line":620,"column":22},"end":{"line":620,"column":50}},{"start":{"line":621,"column":22},"end":{"line":621,"column":43}}],"line":619},"15":{"loc":{"start":{"line":648,"column":11},"end":{"line":681,"column":14}},"type":"binary-expr","locations":[{"start":{"line":648,"column":11},"end":{"line":648,"column":23}},{"start":{"line":649,"column":12},"end":{"line":649,"column":26}},{"start":{"line":650,"column":12},"end":{"line":681,"column":14}}],"line":648},"16":{"loc":{"start":{"line":654,"column":18},"end":{"line":656,"column":43}},"type":"cond-expr","locations":[{"start":{"line":655,"column":22},"end":{"line":655,"column":50}},{"start":{"line":656,"column":22},"end":{"line":656,"column":43}}],"line":654},"17":{"loc":{"start":{"line":682,"column":11},"end":{"line":715,"column":14}},"type":"binary-expr","locations":[{"start":{"line":682,"column":11},"end":{"line":682,"column":23}},{"start":{"line":683,"column":12},"end":{"line":683,"column":26}},{"start":{"line":684,"column":12},"end":{"line":715,"column":14}}],"line":682},"18":{"loc":{"start":{"line":687,"column":18},"end":{"line":689,"column":43}},"type":"cond-expr","locations":[{"start":{"line":688,"column":22},"end":{"line":688,"column":50}},{"start":{"line":689,"column":22},"end":{"line":689,"column":43}}],"line":687}},"s":{"0":6,"1":6,"2":6,"3":6,"4":6,"5":6,"6":6,"7":6,"8":6,"9":6,"10":6,"11":0,"12":0,"13":0,"14":0,"15":6,"16":4,"17":4,"18":4,"19":0,"20":0,"21":0,"22":0,"23":0,"24":6,"25":4,"26":4,"27":4,"28":0,"29":0,"30":0,"31":0,"32":0,"33":6,"34":4,"35":4,"36":4,"37":0,"38":0,"39":0,"40":0,"41":0,"42":6,"43":0,"44":0,"45":6,"46":0,"47":0,"48":6,"49":4,"50":4,"51":4,"52":6,"53":0,"54":6,"55":0,"56":0,"57":0,"58":0,"59":0,"60":0,"61":0,"62":0,"63":0,"64":0,"65":0,"66":0,"67":1,"68":1,"69":1,"70":1,"71":1,"72":1,"73":1,"74":1,"75":1,"76":0,"77":0,"78":0,"79":0,"80":0,"81":0},"f":{"0":6,"1":0,"2":4,"3":0,"4":0,"5":4,"6":0,"7":0,"8":4,"9":0,"10":0,"11":0,"12":0,"13":4,"14":0,"15":0,"16":0,"17":0,"18":0,"19":0,"20":0,"21":0,"22":0,"23":0,"24":0,"25":0,"26":1,"27":1,"28":1,"29":0,"30":0,"31":0,"32":0,"33":0,"34":0},"b":{"0":[0,0],"1":[0,0],"2":[0,0],"3":[6,1],"4":[0,0],"5":[0,0],"6":[6,4],"7":[0,0],"8":[6,1],"9":[0,0],"10":[4,2],"11":[1,5],"12":[1,5],"13":[6,1,1],"14":[0,0],"15":[6,4,4],"16":[0,0],"17":[6,1,1],"18":[0,0]},"_coverageSchema":"1a1c01bbd47fc00a2c39e90264f33305004495a9","hash":"2c3f867e2a601f1c988c06f65314867b8b5fdc86"}
}
