{"C:\\Users\\Robin Lebel\\Desktop\\SOEN 490\\SOEN490\\WhatsUp\\web\\frontend\\src\\firebase.js": {"path":"C:\\Users\\Robin Lebel\\Desktop\\SOEN 490\\SOEN490\\WhatsUp\\web\\frontend\\src\\firebase.js","statementMap":{"0":{"start":{"line":5,"column":23},"end":{"line":13,"column":1}},"1":{"start":{"line":15,"column":12},"end":{"line":15,"column":41}},"2":{"start":{"line":16,"column":11},"end":{"line":16,"column":28}},"3":{"start":{"line":17,"column":13},"end":{"line":17,"column":25}}},"fnMap":{},"branchMap":{},"s":{"0":1,"1":1,"2":1,"3":1},"f":{},"b":{},"_coverageSchema":"1a1c01bbd47fc00a2c39e90264f33305004495a9","hash":"7ba2f767d4c0861a6c2385e1a9b9f3787fca70eb"}
,"C:\\Users\\Robin Lebel\\Desktop\\SOEN 490\\SOEN490\\WhatsUp\\web\\frontend\\src\\components\\login.js": {"path":"C:\\Users\\Robin Lebel\\Desktop\\SOEN 490\\SOEN490\\WhatsUp\\web\\frontend\\src\\components\\login.js","statementMap":{"0":{"start":{"line":9,"column":19},"end":{"line":9,"column":32}},"1":{"start":{"line":10,"column":28},"end":{"line":10,"column":40}},"2":{"start":{"line":11,"column":34},"end":{"line":11,"column":46}},"3":{"start":{"line":13,"column":22},"end":{"line":13,"column":64}},"4":{"start":{"line":14,"column":22},"end":{"line":14,"column":64}},"5":{"start":{"line":15,"column":18},"end":{"line":15,"column":65}},"6":{"start":{"line":18,"column":4},"end":{"line":18,"column":33}},"7":{"start":{"line":22,"column":4},"end":{"line":24,"column":5}},"8":{"start":{"line":23,"column":6},"end":{"line":23,"column":44}},"9":{"start":{"line":25,"column":4},"end":{"line":27,"column":5}},"10":{"start":{"line":26,"column":6},"end":{"line":26,"column":43}},"11":{"start":{"line":28,"column":4},"end":{"line":28,"column":33}},"12":{"start":{"line":31,"column":17},"end":{"line":40,"column":3}},"13":{"start":{"line":32,"column":4},"end":{"line":39,"column":9}},"14":{"start":{"line":34,"column":8},"end":{"line":34,"column":31}},"15":{"start":{"line":37,"column":8},"end":{"line":37,"column":29}},"16":{"start":{"line":38,"column":8},"end":{"line":38,"column":46}},"17":{"start":{"line":42,"column":2},"end":{"line":79,"column":4}},"18":{"start":{"line":64,"column":29},"end":{"line":64,"column":60}}},"fnMap":{"0":{"name":"Login","decl":{"start":{"line":8,"column":9},"end":{"line":8,"column":14}},"loc":{"start":{"line":8,"column":17},"end":{"line":80,"column":1}},"line":8},"1":{"name":"isValidEmail","decl":{"start":{"line":17,"column":11},"end":{"line":17,"column":23}},"loc":{"start":{"line":17,"column":31},"end":{"line":19,"column":3}},"line":17},"2":{"name":"emailValidator","decl":{"start":{"line":21,"column":11},"end":{"line":21,"column":25}},"loc":{"start":{"line":21,"column":33},"end":{"line":29,"column":3}},"line":21},"3":{"name":"(anonymous_3)","decl":{"start":{"line":31,"column":17},"end":{"line":31,"column":18}},"loc":{"start":{"line":31,"column":23},"end":{"line":40,"column":3}},"line":31},"4":{"name":"(anonymous_4)","decl":{"start":{"line":33,"column":12},"end":{"line":33,"column":13}},"loc":{"start":{"line":33,"column":22},"end":{"line":35,"column":7}},"line":33},"5":{"name":"(anonymous_5)","decl":{"start":{"line":36,"column":13},"end":{"line":36,"column":14}},"loc":{"start":{"line":36,"column":24},"end":{"line":39,"column":7}},"line":36},"6":{"name":"(anonymous_6)","decl":{"start":{"line":64,"column":18},"end":{"line":64,"column":19}},"loc":{"start":{"line":64,"column":29},"end":{"line":64,"column":60}},"line":64}},"branchMap":{"0":{"loc":{"start":{"line":22,"column":4},"end":{"line":24,"column":5}},"type":"if","locations":[{"start":{"line":22,"column":4},"end":{"line":24,"column":5}},{"start":{},"end":{}}],"line":22},"1":{"loc":{"start":{"line":25,"column":4},"end":{"line":27,"column":5}},"type":"if","locations":[{"start":{"line":25,"column":4},"end":{"line":27,"column":5}},{"start":{},"end":{}}],"line":25}},"s":{"0":11,"1":11,"2":11,"3":11,"4":11,"5":11,"6":18,"7":16,"8":14,"9":2,"10":2,"11":0,"12":11,"13":1,"14":0,"15":0,"16":0,"17":11,"18":7},"f":{"0":11,"1":18,"2":16,"3":1,"4":0,"5":0,"6":7},"b":{"0":[14,2],"1":[2,0]},"_coverageSchema":"1a1c01bbd47fc00a2c39e90264f33305004495a9","hash":"e12bc9a36b7473b7f0a8a8466d3c0b55736b8c5c"}
}
