TN:
SF:src\App.js
FN:7,App
FNF:1
FNH:0
FNDA:0,App
DA:8,0
LF:1
LH:0
BRF:0
BRH:0
end_of_record
TN:
SF:src\firebase.js
FNF:0
FNH:0
DA:5,1
DA:15,1
DA:16,1
DA:17,1
LF:4
LH:4
BRF:0
BRH:0
end_of_record
TN:
SF:src\index.js
FNF:0
FNH:0
DA:5,0
DA:6,0
LF:2
LH:0
BRF:0
BRH:0
end_of_record
TN:
SF:src\components\dashboard.js
FN:12,Dashboard
FN:56,(anonymous_1)
FN:58,(anonymous_2)
FN:75,(anonymous_3)
FNF:4
FNH:2
FNDA:3,Dashboard
FNDA:0,(anonymous_1)
FNDA:1,(anonymous_2)
FNDA:0,(anonymous_3)
DA:13,3
DA:14,3
DA:15,3
DA:16,3
DA:18,3
DA:56,0
DA:58,1
DA:75,0
LF:8
LH:6
BRDA:21,0,0,3
BRDA:21,0,1,0
BRDA:56,1,0,0
BRDA:56,1,1,3
BRDA:56,2,0,0
BRDA:56,2,1,3
BRDA:57,3,0,0
BRDA:57,3,1,3
BRDA:57,4,0,0
BRDA:57,4,1,3
BRDA:57,5,0,0
BRDA:57,5,1,3
BRDA:58,6,0,1
BRDA:58,6,1,2
BRDA:58,7,0,1
BRDA:58,7,1,2
BRDA:59,8,0,1
BRDA:59,8,1,2
BRDA:59,9,0,1
BRDA:59,9,1,2
BRDA:59,10,0,1
BRDA:59,10,1,2
BRDA:73,11,0,3
BRDA:73,11,1,1
BRF:24
BRH:18
end_of_record
TN:
SF:src\components\login.js
FN:8,Login
FN:17,isValidEmail
FN:21,emailValidator
FN:35,(anonymous_3)
FN:37,(anonymous_4)
FN:40,(anonymous_5)
FN:69,(anonymous_6)
FNF:7
FNH:5
FNDA:27,Login
FNDA:32,isValidEmail
FNDA:16,emailValidator
FNDA:1,(anonymous_3)
FNDA:0,(anonymous_4)
FNDA:0,(anonymous_5)
FNDA:7,(anonymous_6)
DA:9,27
DA:10,27
DA:11,27
DA:13,27
DA:14,27
DA:15,27
DA:18,32
DA:22,16
DA:23,16
DA:24,14
DA:27,1
DA:29,16
DA:30,2
DA:32,16
DA:35,27
DA:36,1
DA:38,0
DA:41,0
DA:45,27
DA:69,7
LF:20
LH:18
BRDA:23,0,0,14
BRDA:23,0,1,2
BRDA:29,1,0,2
BRDA:29,1,1,14
BRF:4
BRH:4
end_of_record
