TN:
SF:src\firebase.js
FNF:0
FNH:0
DA:5,1
DA:15,1
DA:16,1
DA:17,1
LF:4
LH:4
BRF:0
BRH:0
end_of_record
TN:
SF:src\components\login.js
FN:8,Login
FN:17,isValidEmail
FN:21,emailValidator
FN:31,(anonymous_3)
FN:33,(anonymous_4)
FN:36,(anonymous_5)
FN:64,(anonymous_6)
FNF:7
FNH:5
FNDA:11,Login
FNDA:18,isValidEmail
FNDA:16,emailValidator
FNDA:1,(anonymous_3)
FNDA:0,(anonymous_4)
FNDA:0,(anonymous_5)
FNDA:7,(anonymous_6)
DA:9,11
DA:10,11
DA:11,11
DA:13,11
DA:14,11
DA:15,11
DA:18,18
DA:22,16
DA:23,14
DA:25,2
DA:26,2
DA:28,0
DA:31,11
DA:32,1
DA:34,0
DA:37,0
DA:38,0
DA:42,11
DA:64,7
LF:19
LH:15
BRDA:22,0,0,14
BRDA:22,0,1,2
BRDA:25,1,0,2
BRDA:25,1,1,0
BRF:4
BRH:3
end_of_record
